2016-08-14 15:54:02.512  INFO 86387 --- [main] c.c.config.PracticeAppApplication        : Starting PracticeAppApplication on Appis-Air.fios-router.home with PID 86387 (/Users/appi_usa/Desktop/charanws/practiceApp/target/classes started by appi_usa in /Users/appi_usa/Desktop/charanws/practiceApp)
2016-08-14 15:54:02.524  INFO 86387 --- [main] c.c.config.PracticeAppApplication        : No active profile set, falling back to default profiles: default
2016-08-14 15:54:02.798  INFO 86387 --- [main] ationConfigEmbeddedWebApplicationContext : Refreshing org.springframework.boot.context.embedded.AnnotationConfigEmbeddedWebApplicationContext@736d6a5c: startup date [Sun Aug 14 15:54:02 CDT 2016]; root of context hierarchy
2016-08-14 15:54:07.242  INFO 86387 --- [main] trationDelegate$BeanPostProcessorChecker : Bean 'org.springframework.transaction.annotation.ProxyTransactionManagementConfiguration' of type [class org.springframework.transaction.annotation.ProxyTransactionManagementConfiguration$$EnhancerBySpringCGLIB$$9b4e8664] is not eligible for getting processed by all BeanPostProcessors (for example: not eligible for auto-proxying)
2016-08-14 15:54:08.455  INFO 86387 --- [main] s.b.c.e.t.TomcatEmbeddedServletContainer : Tomcat initialized with port(s): 8080 (http)
2016-08-14 15:54:08.487  INFO 86387 --- [main] o.apache.catalina.core.StandardService   : Starting service Tomcat
2016-08-14 15:54:08.490  INFO 86387 --- [main] org.apache.catalina.core.StandardEngine  : Starting Servlet Engine: Apache Tomcat/8.5.4
2016-08-14 15:54:08.883  INFO 86387 --- [localhost-startStop-1] o.a.c.c.C.[Tomcat].[localhost].[/]       : Initializing Spring embedded WebApplicationContext
2016-08-14 15:54:08.886  INFO 86387 --- [localhost-startStop-1] o.s.web.context.ContextLoader            : Root WebApplicationContext: initialization completed in 6087 ms
2016-08-14 15:54:09.282  INFO 86387 --- [localhost-startStop-1] o.s.b.w.servlet.ServletRegistrationBean  : Mapping servlet: 'dispatcherServlet' to [/]
2016-08-14 15:54:09.299  INFO 86387 --- [localhost-startStop-1] o.s.b.w.servlet.FilterRegistrationBean   : Mapping filter: 'characterEncodingFilter' to: [/*]
2016-08-14 15:54:09.300  INFO 86387 --- [localhost-startStop-1] o.s.b.w.servlet.FilterRegistrationBean   : Mapping filter: 'hiddenHttpMethodFilter' to: [/*]
2016-08-14 15:54:09.300  INFO 86387 --- [localhost-startStop-1] o.s.b.w.servlet.FilterRegistrationBean   : Mapping filter: 'httpPutFormContentFilter' to: [/*]
2016-08-14 15:54:09.301  INFO 86387 --- [localhost-startStop-1] o.s.b.w.servlet.FilterRegistrationBean   : Mapping filter: 'requestContextFilter' to: [/*]
2016-08-14 15:54:09.976  INFO 86387 --- [main] j.LocalContainerEntityManagerFactoryBean : Building JPA container EntityManagerFactory for persistence unit 'default'
2016-08-14 15:54:10.022  INFO 86387 --- [main] o.hibernate.jpa.internal.util.LogHelper  : HHH000204: Processing PersistenceUnitInfo [
	name: default
	...]
2016-08-14 15:54:10.417  INFO 86387 --- [main] org.hibernate.Version                    : HHH000412: Hibernate Core {5.0.9.Final}
2016-08-14 15:54:10.421  INFO 86387 --- [main] org.hibernate.cfg.Environment            : HHH000206: hibernate.properties not found
2016-08-14 15:54:10.425  INFO 86387 --- [main] org.hibernate.cfg.Environment            : HHH000021: Bytecode provider name : javassist
2016-08-14 15:54:10.609  INFO 86387 --- [main] o.hibernate.annotations.common.Version   : HCANN000001: Hibernate Commons Annotations {5.0.1.Final}
2016-08-14 15:54:12.070  INFO 86387 --- [main] org.hibernate.dialect.Dialect            : HHH000400: Using dialect: org.hibernate.dialect.MySQL5Dialect
2016-08-14 15:54:13.328  INFO 86387 --- [main] org.hibernate.tool.hbm2ddl.SchemaUpdate  : HHH000228: Running hbm2ddl schema update
2016-08-14 15:54:14.844  INFO 86387 --- [main] j.LocalContainerEntityManagerFactoryBean : Initialized JPA EntityManagerFactory for persistence unit 'default'
2016-08-14 15:54:15.539  INFO 86387 --- [main] o.h.h.i.QueryTranslatorFactoryInitiator  : HHH000397: Using ASTQueryTranslatorFactory
2016-08-14 15:54:17.072  INFO 86387 --- [main] s.w.s.m.m.a.RequestMappingHandlerAdapter : Looking for @ControllerAdvice: org.springframework.boot.context.embedded.AnnotationConfigEmbeddedWebApplicationContext@736d6a5c: startup date [Sun Aug 14 15:54:02 CDT 2016]; root of context hierarchy
2016-08-14 15:54:17.348  INFO 86387 --- [main] s.w.s.m.m.a.RequestMappingHandlerMapping : Mapped "{[/course/{courseId}],methods=[GET]}" onto public org.springframework.http.ResponseEntity<com.courseapp.domain.Course> com.courseapp.rest.CourseController.update(java.lang.Long) throws java.lang.Exception
2016-08-14 15:54:17.351  INFO 86387 --- [main] s.w.s.m.m.a.RequestMappingHandlerMapping : Mapped "{[/course],methods=[PUT]}" onto public org.springframework.http.ResponseEntity<com.courseapp.domain.Course> com.courseapp.rest.CourseController.update(com.courseapp.domain.Course) throws java.lang.Exception
2016-08-14 15:54:17.352  INFO 86387 --- [main] s.w.s.m.m.a.RequestMappingHandlerMapping : Mapped "{[/course/{courseId}],methods=[DELETE]}" onto public org.springframework.http.ResponseEntity<org.springframework.http.HttpStatus> com.courseapp.rest.CourseController.delete(java.lang.Long) throws java.lang.Exception
2016-08-14 15:54:17.353  INFO 86387 --- [main] s.w.s.m.m.a.RequestMappingHandlerMapping : Mapped "{[/course],methods=[POST]}" onto public org.springframework.http.ResponseEntity<com.courseapp.domain.Course> com.courseapp.rest.CourseController.create(com.courseapp.domain.Course) throws java.lang.Exception
2016-08-14 15:54:17.354  INFO 86387 --- [main] s.w.s.m.m.a.RequestMappingHandlerMapping : Mapped "{[/course],methods=[GET]}" onto public org.springframework.http.ResponseEntity<java.util.List<com.courseapp.domain.Course>> com.courseapp.rest.CourseController.getAllCourses() throws java.lang.Exception
2016-08-14 15:54:17.355  INFO 86387 --- [main] s.w.s.m.m.a.RequestMappingHandlerMapping : Mapped "{[/course/{courseId}/users/{userId}],methods=[PUT]}" onto public org.springframework.http.ResponseEntity<com.courseapp.domain.Course> com.courseapp.rest.CourseController.addUserToCourse(java.lang.Long,java.lang.Long) throws java.lang.Exception
2016-08-14 15:54:17.356  INFO 86387 --- [main] s.w.s.m.m.a.RequestMappingHandlerMapping : Mapped "{[/course/{courseId}/users/{userId}],methods=[DELETE]}" onto public org.springframework.http.ResponseEntity<com.courseapp.domain.Course> com.courseapp.rest.CourseController.removeUserFromCourse(java.lang.Long,java.lang.Long) throws java.lang.Exception
2016-08-14 15:54:17.357  INFO 86387 --- [main] s.w.s.m.m.a.RequestMappingHandlerMapping : Mapped "{[/course/{courseId}/topic],methods=[PUT]}" onto public org.springframework.http.ResponseEntity<com.courseapp.domain.Course> com.courseapp.rest.CourseController.addTopicToCourse(java.lang.Long,com.courseapp.domain.Topic) throws java.lang.Exception
2016-08-14 15:54:17.357  INFO 86387 --- [main] s.w.s.m.m.a.RequestMappingHandlerMapping : Mapped "{[/course/{courseId}/topic],methods=[DELETE]}" onto public org.springframework.http.ResponseEntity<com.courseapp.domain.Course> com.courseapp.rest.CourseController.removeTopicFromACourse(java.lang.Long,com.courseapp.domain.Topic) throws java.lang.Exception
2016-08-14 15:54:17.359  INFO 86387 --- [main] s.w.s.m.m.a.RequestMappingHandlerMapping : Mapped "{[/authenticate],methods=[POST]}" onto public org.springframework.http.ResponseEntity<com.courseapp.domain.User> com.courseapp.rest.LoginController.login(com.courseapp.domain.User) throws java.lang.Exception
2016-08-14 15:54:17.370  INFO 86387 --- [main] s.w.s.m.m.a.RequestMappingHandlerMapping : Mapped "{[/user],methods=[PUT]}" onto public org.springframework.http.ResponseEntity<com.courseapp.domain.User> com.courseapp.rest.UserController.update(com.courseapp.domain.User) throws java.lang.Exception
2016-08-14 15:54:17.373  INFO 86387 --- [main] s.w.s.m.m.a.RequestMappingHandlerMapping : Mapped "{[/user/{userId}],methods=[DELETE]}" onto public org.springframework.http.ResponseEntity<org.springframework.http.HttpStatus> com.courseapp.rest.UserController.delete(java.lang.Long) throws java.lang.Exception
2016-08-14 15:54:17.374  INFO 86387 --- [main] s.w.s.m.m.a.RequestMappingHandlerMapping : Mapped "{[/user],methods=[POST]}" onto public org.springframework.http.ResponseEntity<com.courseapp.domain.User> com.courseapp.rest.UserController.create(com.courseapp.domain.User) throws java.lang.Exception
2016-08-14 15:54:17.375  INFO 86387 --- [main] s.w.s.m.m.a.RequestMappingHandlerMapping : Mapped "{[/user/{userName}],methods=[GET]}" onto public org.springframework.http.ResponseEntity<com.courseapp.domain.User> com.courseapp.rest.UserController.getByUserName(java.lang.String) throws java.lang.Exception
2016-08-14 15:54:17.376  INFO 86387 --- [main] s.w.s.m.m.a.RequestMappingHandlerMapping : Mapped "{[/user/{userId}],methods=[GET]}" onto public org.springframework.http.ResponseEntity<com.courseapp.domain.User> com.courseapp.rest.UserController.getByUserName(java.lang.Long) throws java.lang.Exception
2016-08-14 15:54:17.377  INFO 86387 --- [main] s.w.s.m.m.a.RequestMappingHandlerMapping : Mapped "{[/user/courses/{userId}],methods=[GET]}" onto public org.springframework.http.ResponseEntity<java.util.List<com.courseapp.domain.Course>> com.courseapp.rest.UserController.getAllCoursesForaUser(java.lang.Long) throws java.lang.Exception
2016-08-14 15:54:17.378  INFO 86387 --- [main] s.w.s.m.m.a.RequestMappingHandlerMapping : Mapped "{[/user/checkIfExists],methods=[POST]}" onto public org.springframework.http.ResponseEntity<java.lang.Boolean> com.courseapp.rest.UserController.checkIfExists(java.lang.String) throws java.lang.Exception
2016-08-14 15:54:17.383  INFO 86387 --- [main] s.w.s.m.m.a.RequestMappingHandlerMapping : Mapped "{[/error]}" onto public org.springframework.http.ResponseEntity<java.util.Map<java.lang.String, java.lang.Object>> org.springframework.boot.autoconfigure.web.BasicErrorController.error(javax.servlet.http.HttpServletRequest)
2016-08-14 15:54:17.384  INFO 86387 --- [main] s.w.s.m.m.a.RequestMappingHandlerMapping : Mapped "{[/error],produces=[text/html]}" onto public org.springframework.web.servlet.ModelAndView org.springframework.boot.autoconfigure.web.BasicErrorController.errorHtml(javax.servlet.http.HttpServletRequest,javax.servlet.http.HttpServletResponse)
2016-08-14 15:54:17.506  INFO 86387 --- [main] o.s.w.s.handler.SimpleUrlHandlerMapping  : Mapped URL path [/webjars/**] onto handler of type [class org.springframework.web.servlet.resource.ResourceHttpRequestHandler]
2016-08-14 15:54:17.506  INFO 86387 --- [main] o.s.w.s.handler.SimpleUrlHandlerMapping  : Mapped URL path [/**] onto handler of type [class org.springframework.web.servlet.resource.ResourceHttpRequestHandler]
2016-08-14 15:54:17.557  INFO 86387 --- [main] .m.m.a.ExceptionHandlerExceptionResolver : Detected @ExceptionHandler methods in errorHandlingAdvice
2016-08-14 15:54:17.651  INFO 86387 --- [main] o.s.w.s.handler.SimpleUrlHandlerMapping  : Mapped URL path [/**/favicon.ico] onto handler of type [class org.springframework.web.servlet.resource.ResourceHttpRequestHandler]
2016-08-14 15:54:18.663  INFO 86387 --- [main] o.s.j.e.a.AnnotationMBeanExporter        : Registering beans for JMX exposure on startup
2016-08-14 15:54:18.774 ERROR 86387 --- [main] o.a.coyote.http11.Http11NioProtocol      : Failed to start end point associated with ProtocolHandler [http-nio-8080]

java.net.BindException: Address already in use
	at sun.nio.ch.Net.bind0(Native Method)
	at sun.nio.ch.Net.bind(Net.java:436)
	at sun.nio.ch.Net.bind(Net.java:428)
	at sun.nio.ch.ServerSocketChannelImpl.bind(ServerSocketChannelImpl.java:214)
	at sun.nio.ch.ServerSocketAdaptor.bind(ServerSocketAdaptor.java:74)
	at org.apache.tomcat.util.net.NioEndpoint.bind(NioEndpoint.java:229)
	at org.apache.tomcat.util.net.AbstractEndpoint.start(AbstractEndpoint.java:874)
	at org.apache.coyote.AbstractProtocol.start(AbstractProtocol.java:573)
	at org.apache.catalina.connector.Connector.startInternal(Connector.java:1035)
	at org.apache.catalina.util.LifecycleBase.start(LifecycleBase.java:152)
	at org.apache.catalina.core.StandardService.addConnector(StandardService.java:225)
	at org.springframework.boot.context.embedded.tomcat.TomcatEmbeddedServletContainer.addPreviouslyRemovedConnectors(TomcatEmbeddedServletContainer.java:234)
	at org.springframework.boot.context.embedded.tomcat.TomcatEmbeddedServletContainer.start(TomcatEmbeddedServletContainer.java:179)
	at org.springframework.boot.context.embedded.EmbeddedWebApplicationContext.startEmbeddedServletContainer(EmbeddedWebApplicationContext.java:297)
	at org.springframework.boot.context.embedded.EmbeddedWebApplicationContext.finishRefresh(EmbeddedWebApplicationContext.java:145)
	at org.springframework.context.support.AbstractApplicationContext.refresh(AbstractApplicationContext.java:544)
	at org.springframework.boot.context.embedded.EmbeddedWebApplicationContext.refresh(EmbeddedWebApplicationContext.java:122)
	at org.springframework.boot.SpringApplication.refresh(SpringApplication.java:759)
	at org.springframework.boot.SpringApplication.refreshContext(SpringApplication.java:369)
	at org.springframework.boot.SpringApplication.run(SpringApplication.java:313)
	at org.springframework.boot.SpringApplication.run(SpringApplication.java:1185)
	at org.springframework.boot.SpringApplication.run(SpringApplication.java:1174)
	at com.courseapp.config.PracticeAppApplication.main(PracticeAppApplication.java:29)

2016-08-14 15:54:18.778 ERROR 86387 --- [main] o.apache.catalina.core.StandardService   : Failed to start connector [Connector[HTTP/1.1-8080]]

org.apache.catalina.LifecycleException: Failed to start component [Connector[HTTP/1.1-8080]]
	at org.apache.catalina.util.LifecycleBase.start(LifecycleBase.java:158)
	at org.apache.catalina.core.StandardService.addConnector(StandardService.java:225)
	at org.springframework.boot.context.embedded.tomcat.TomcatEmbeddedServletContainer.addPreviouslyRemovedConnectors(TomcatEmbeddedServletContainer.java:234)
	at org.springframework.boot.context.embedded.tomcat.TomcatEmbeddedServletContainer.start(TomcatEmbeddedServletContainer.java:179)
	at org.springframework.boot.context.embedded.EmbeddedWebApplicationContext.startEmbeddedServletContainer(EmbeddedWebApplicationContext.java:297)
	at org.springframework.boot.context.embedded.EmbeddedWebApplicationContext.finishRefresh(EmbeddedWebApplicationContext.java:145)
	at org.springframework.context.support.AbstractApplicationContext.refresh(AbstractApplicationContext.java:544)
	at org.springframework.boot.context.embedded.EmbeddedWebApplicationContext.refresh(EmbeddedWebApplicationContext.java:122)
	at org.springframework.boot.SpringApplication.refresh(SpringApplication.java:759)
	at org.springframework.boot.SpringApplication.refreshContext(SpringApplication.java:369)
	at org.springframework.boot.SpringApplication.run(SpringApplication.java:313)
	at org.springframework.boot.SpringApplication.run(SpringApplication.java:1185)
	at org.springframework.boot.SpringApplication.run(SpringApplication.java:1174)
	at com.courseapp.config.PracticeAppApplication.main(PracticeAppApplication.java:29)
Caused by: org.apache.catalina.LifecycleException: service.getName(): "Tomcat";  Protocol handler start failed
	at org.apache.catalina.connector.Connector.startInternal(Connector.java:1042)
	at org.apache.catalina.util.LifecycleBase.start(LifecycleBase.java:152)
	... 13 common frames omitted
Caused by: java.net.BindException: Address already in use
	at sun.nio.ch.Net.bind0(Native Method)
	at sun.nio.ch.Net.bind(Net.java:436)
	at sun.nio.ch.Net.bind(Net.java:428)
	at sun.nio.ch.ServerSocketChannelImpl.bind(ServerSocketChannelImpl.java:214)
	at sun.nio.ch.ServerSocketAdaptor.bind(ServerSocketAdaptor.java:74)
	at org.apache.tomcat.util.net.NioEndpoint.bind(NioEndpoint.java:229)
	at org.apache.tomcat.util.net.AbstractEndpoint.start(AbstractEndpoint.java:874)
	at org.apache.coyote.AbstractProtocol.start(AbstractProtocol.java:573)
	at org.apache.catalina.connector.Connector.startInternal(Connector.java:1035)
	... 14 common frames omitted

2016-08-14 15:54:18.804  INFO 86387 --- [main] o.apache.catalina.core.StandardService   : Stopping service Tomcat
2016-08-14 15:54:18.835  INFO 86387 --- [main] utoConfigurationReportLoggingInitializer : 

Error starting ApplicationContext. To display the auto-configuration report enable debug logging (start with --debug)


2016-08-14 15:54:18.867 ERROR 86387 --- [main] o.s.b.d.LoggingFailureAnalysisReporter   : 

***************************
APPLICATION FAILED TO START
***************************

Description:

Embedded servlet container failed to start. Port 8080 was already in use.

Action:

Identify and stop the process that's listening on port 8080 or configure this application to listen on another port.

2016-08-14 15:54:18.870  INFO 86387 --- [main] ationConfigEmbeddedWebApplicationContext : Closing org.springframework.boot.context.embedded.AnnotationConfigEmbeddedWebApplicationContext@736d6a5c: startup date [Sun Aug 14 15:54:02 CDT 2016]; root of context hierarchy
2016-08-14 15:54:18.896  INFO 86387 --- [main] o.s.j.e.a.AnnotationMBeanExporter        : Unregistering JMX-exposed beans on shutdown
2016-08-14 15:54:18.899  INFO 86387 --- [main] j.LocalContainerEntityManagerFactoryBean : Closing JPA EntityManagerFactory for persistence unit 'default'
2016-08-14 15:55:19.479  INFO 86400 --- [main] c.c.config.PracticeAppApplication        : Starting PracticeAppApplication on Appis-Air.fios-router.home with PID 86400 (/Users/appi_usa/Desktop/charanws/practiceApp/target/classes started by appi_usa in /Users/appi_usa/Desktop/charanws/practiceApp)
2016-08-14 15:55:19.491  INFO 86400 --- [main] c.c.config.PracticeAppApplication        : No active profile set, falling back to default profiles: default
2016-08-14 15:55:19.726  INFO 86400 --- [main] ationConfigEmbeddedWebApplicationContext : Refreshing org.springframework.boot.context.embedded.AnnotationConfigEmbeddedWebApplicationContext@736d6a5c: startup date [Sun Aug 14 15:55:19 CDT 2016]; root of context hierarchy
2016-08-14 15:55:23.809  INFO 86400 --- [main] trationDelegate$BeanPostProcessorChecker : Bean 'org.springframework.transaction.annotation.ProxyTransactionManagementConfiguration' of type [class org.springframework.transaction.annotation.ProxyTransactionManagementConfiguration$$EnhancerBySpringCGLIB$$a38ac735] is not eligible for getting processed by all BeanPostProcessors (for example: not eligible for auto-proxying)
2016-08-14 15:55:25.263  INFO 86400 --- [main] s.b.c.e.t.TomcatEmbeddedServletContainer : Tomcat initialized with port(s): 8080 (http)
2016-08-14 15:55:25.294  INFO 86400 --- [main] o.apache.catalina.core.StandardService   : Starting service Tomcat
2016-08-14 15:55:25.296  INFO 86400 --- [main] org.apache.catalina.core.StandardEngine  : Starting Servlet Engine: Apache Tomcat/8.5.4
2016-08-14 15:55:25.557  INFO 86400 --- [localhost-startStop-1] o.a.c.c.C.[Tomcat].[localhost].[/]       : Initializing Spring embedded WebApplicationContext
2016-08-14 15:55:25.558  INFO 86400 --- [localhost-startStop-1] o.s.web.context.ContextLoader            : Root WebApplicationContext: initialization completed in 5833 ms
2016-08-14 15:55:25.965  INFO 86400 --- [localhost-startStop-1] o.s.b.w.servlet.ServletRegistrationBean  : Mapping servlet: 'dispatcherServlet' to [/]
2016-08-14 15:55:25.973  INFO 86400 --- [localhost-startStop-1] o.s.b.w.servlet.FilterRegistrationBean   : Mapping filter: 'characterEncodingFilter' to: [/*]
2016-08-14 15:55:25.975  INFO 86400 --- [localhost-startStop-1] o.s.b.w.servlet.FilterRegistrationBean   : Mapping filter: 'hiddenHttpMethodFilter' to: [/*]
2016-08-14 15:55:25.975  INFO 86400 --- [localhost-startStop-1] o.s.b.w.servlet.FilterRegistrationBean   : Mapping filter: 'httpPutFormContentFilter' to: [/*]
2016-08-14 15:55:25.976  INFO 86400 --- [localhost-startStop-1] o.s.b.w.servlet.FilterRegistrationBean   : Mapping filter: 'requestContextFilter' to: [/*]
2016-08-14 15:55:26.524  INFO 86400 --- [main] j.LocalContainerEntityManagerFactoryBean : Building JPA container EntityManagerFactory for persistence unit 'default'
2016-08-14 15:55:26.566  INFO 86400 --- [main] o.hibernate.jpa.internal.util.LogHelper  : HHH000204: Processing PersistenceUnitInfo [
	name: default
	...]
2016-08-14 15:55:26.850  INFO 86400 --- [main] org.hibernate.Version                    : HHH000412: Hibernate Core {5.0.9.Final}
2016-08-14 15:55:26.855  INFO 86400 --- [main] org.hibernate.cfg.Environment            : HHH000206: hibernate.properties not found
2016-08-14 15:55:26.859  INFO 86400 --- [main] org.hibernate.cfg.Environment            : HHH000021: Bytecode provider name : javassist
2016-08-14 15:55:26.989  INFO 86400 --- [main] o.hibernate.annotations.common.Version   : HCANN000001: Hibernate Commons Annotations {5.0.1.Final}
2016-08-14 15:55:28.046  INFO 86400 --- [main] org.hibernate.dialect.Dialect            : HHH000400: Using dialect: org.hibernate.dialect.MySQL5Dialect
2016-08-14 15:55:29.112  INFO 86400 --- [main] org.hibernate.tool.hbm2ddl.SchemaUpdate  : HHH000228: Running hbm2ddl schema update
2016-08-14 15:55:30.407  INFO 86400 --- [main] j.LocalContainerEntityManagerFactoryBean : Initialized JPA EntityManagerFactory for persistence unit 'default'
2016-08-14 15:55:30.992  INFO 86400 --- [main] o.h.h.i.QueryTranslatorFactoryInitiator  : HHH000397: Using ASTQueryTranslatorFactory
2016-08-14 15:55:32.449  INFO 86400 --- [main] s.w.s.m.m.a.RequestMappingHandlerAdapter : Looking for @ControllerAdvice: org.springframework.boot.context.embedded.AnnotationConfigEmbeddedWebApplicationContext@736d6a5c: startup date [Sun Aug 14 15:55:19 CDT 2016]; root of context hierarchy
2016-08-14 15:55:32.717  INFO 86400 --- [main] s.w.s.m.m.a.RequestMappingHandlerMapping : Mapped "{[/course/{courseId}],methods=[GET]}" onto public org.springframework.http.ResponseEntity<com.courseapp.domain.Course> com.courseapp.rest.CourseController.update(java.lang.Long) throws java.lang.Exception
2016-08-14 15:55:32.726  INFO 86400 --- [main] s.w.s.m.m.a.RequestMappingHandlerMapping : Mapped "{[/course],methods=[PUT]}" onto public org.springframework.http.ResponseEntity<com.courseapp.domain.Course> com.courseapp.rest.CourseController.update(com.courseapp.domain.Course) throws java.lang.Exception
2016-08-14 15:55:32.728  INFO 86400 --- [main] s.w.s.m.m.a.RequestMappingHandlerMapping : Mapped "{[/course/{courseId}],methods=[DELETE]}" onto public org.springframework.http.ResponseEntity<org.springframework.http.HttpStatus> com.courseapp.rest.CourseController.delete(java.lang.Long) throws java.lang.Exception
2016-08-14 15:55:32.729  INFO 86400 --- [main] s.w.s.m.m.a.RequestMappingHandlerMapping : Mapped "{[/course],methods=[POST]}" onto public org.springframework.http.ResponseEntity<com.courseapp.domain.Course> com.courseapp.rest.CourseController.create(com.courseapp.domain.Course) throws java.lang.Exception
2016-08-14 15:55:32.730  INFO 86400 --- [main] s.w.s.m.m.a.RequestMappingHandlerMapping : Mapped "{[/course],methods=[GET]}" onto public org.springframework.http.ResponseEntity<java.util.List<com.courseapp.domain.Course>> com.courseapp.rest.CourseController.getAllCourses() throws java.lang.Exception
2016-08-14 15:55:32.731  INFO 86400 --- [main] s.w.s.m.m.a.RequestMappingHandlerMapping : Mapped "{[/course/{courseId}/users/{userId}],methods=[PUT]}" onto public org.springframework.http.ResponseEntity<com.courseapp.domain.Course> com.courseapp.rest.CourseController.addUserToCourse(java.lang.Long,java.lang.Long) throws java.lang.Exception
2016-08-14 15:55:32.732  INFO 86400 --- [main] s.w.s.m.m.a.RequestMappingHandlerMapping : Mapped "{[/course/{courseId}/users/{userId}],methods=[DELETE]}" onto public org.springframework.http.ResponseEntity<com.courseapp.domain.Course> com.courseapp.rest.CourseController.removeUserFromCourse(java.lang.Long,java.lang.Long) throws java.lang.Exception
2016-08-14 15:55:32.733  INFO 86400 --- [main] s.w.s.m.m.a.RequestMappingHandlerMapping : Mapped "{[/course/{courseId}/topic],methods=[PUT]}" onto public org.springframework.http.ResponseEntity<com.courseapp.domain.Course> com.courseapp.rest.CourseController.addTopicToCourse(java.lang.Long,com.courseapp.domain.Topic) throws java.lang.Exception
2016-08-14 15:55:32.734  INFO 86400 --- [main] s.w.s.m.m.a.RequestMappingHandlerMapping : Mapped "{[/course/{courseId}/topic],methods=[DELETE]}" onto public org.springframework.http.ResponseEntity<com.courseapp.domain.Course> com.courseapp.rest.CourseController.removeTopicFromACourse(java.lang.Long,com.courseapp.domain.Topic) throws java.lang.Exception
2016-08-14 15:55:32.736  INFO 86400 --- [main] s.w.s.m.m.a.RequestMappingHandlerMapping : Mapped "{[/authenticate],methods=[POST]}" onto public org.springframework.http.ResponseEntity<com.courseapp.domain.User> com.courseapp.rest.LoginController.login(com.courseapp.domain.User) throws java.lang.Exception
2016-08-14 15:55:32.751  INFO 86400 --- [main] s.w.s.m.m.a.RequestMappingHandlerMapping : Mapped "{[/user],methods=[PUT]}" onto public org.springframework.http.ResponseEntity<com.courseapp.domain.User> com.courseapp.rest.UserController.update(com.courseapp.domain.User) throws java.lang.Exception
2016-08-14 15:55:32.752  INFO 86400 --- [main] s.w.s.m.m.a.RequestMappingHandlerMapping : Mapped "{[/user/{userId}],methods=[DELETE]}" onto public org.springframework.http.ResponseEntity<org.springframework.http.HttpStatus> com.courseapp.rest.UserController.delete(java.lang.Long) throws java.lang.Exception
2016-08-14 15:55:32.753  INFO 86400 --- [main] s.w.s.m.m.a.RequestMappingHandlerMapping : Mapped "{[/user],methods=[POST]}" onto public org.springframework.http.ResponseEntity<com.courseapp.domain.User> com.courseapp.rest.UserController.create(com.courseapp.domain.User) throws java.lang.Exception
2016-08-14 15:55:32.754  INFO 86400 --- [main] s.w.s.m.m.a.RequestMappingHandlerMapping : Mapped "{[/user/courses/{userId}],methods=[GET]}" onto public org.springframework.http.ResponseEntity<java.util.List<com.courseapp.domain.Course>> com.courseapp.rest.UserController.getAllCoursesForaUser(java.lang.Long) throws java.lang.Exception
2016-08-14 15:55:32.756  INFO 86400 --- [main] s.w.s.m.m.a.RequestMappingHandlerMapping : Mapped "{[/user/checkIfExists],methods=[POST]}" onto public org.springframework.http.ResponseEntity<java.lang.Boolean> com.courseapp.rest.UserController.checkIfExists(java.lang.String) throws java.lang.Exception
2016-08-14 15:55:32.757  INFO 86400 --- [main] s.w.s.m.m.a.RequestMappingHandlerMapping : Mapped "{[/user/{userId}],methods=[GET]}" onto public org.springframework.http.ResponseEntity<com.courseapp.domain.User> com.courseapp.rest.UserController.getByUserName(java.lang.Long) throws java.lang.Exception
2016-08-14 15:55:32.758  INFO 86400 --- [main] s.w.s.m.m.a.RequestMappingHandlerMapping : Mapped "{[/user/{userName}],methods=[GET]}" onto public org.springframework.http.ResponseEntity<com.courseapp.domain.User> com.courseapp.rest.UserController.getByUserName(java.lang.String) throws java.lang.Exception
2016-08-14 15:55:32.764  INFO 86400 --- [main] s.w.s.m.m.a.RequestMappingHandlerMapping : Mapped "{[/error]}" onto public org.springframework.http.ResponseEntity<java.util.Map<java.lang.String, java.lang.Object>> org.springframework.boot.autoconfigure.web.BasicErrorController.error(javax.servlet.http.HttpServletRequest)
2016-08-14 15:55:32.765  INFO 86400 --- [main] s.w.s.m.m.a.RequestMappingHandlerMapping : Mapped "{[/error],produces=[text/html]}" onto public org.springframework.web.servlet.ModelAndView org.springframework.boot.autoconfigure.web.BasicErrorController.errorHtml(javax.servlet.http.HttpServletRequest,javax.servlet.http.HttpServletResponse)
2016-08-14 15:55:32.879  INFO 86400 --- [main] o.s.w.s.handler.SimpleUrlHandlerMapping  : Mapped URL path [/webjars/**] onto handler of type [class org.springframework.web.servlet.resource.ResourceHttpRequestHandler]
2016-08-14 15:55:32.879  INFO 86400 --- [main] o.s.w.s.handler.SimpleUrlHandlerMapping  : Mapped URL path [/**] onto handler of type [class org.springframework.web.servlet.resource.ResourceHttpRequestHandler]
2016-08-14 15:55:32.929  INFO 86400 --- [main] .m.m.a.ExceptionHandlerExceptionResolver : Detected @ExceptionHandler methods in errorHandlingAdvice
2016-08-14 15:55:33.020  INFO 86400 --- [main] o.s.w.s.handler.SimpleUrlHandlerMapping  : Mapped URL path [/**/favicon.ico] onto handler of type [class org.springframework.web.servlet.resource.ResourceHttpRequestHandler]
2016-08-14 15:55:33.992  INFO 86400 --- [main] o.s.j.e.a.AnnotationMBeanExporter        : Registering beans for JMX exposure on startup
2016-08-14 15:55:34.138  INFO 86400 --- [main] s.b.c.e.t.TomcatEmbeddedServletContainer : Tomcat started on port(s): 8080 (http)
2016-08-14 15:55:34.151  INFO 86400 --- [main] c.c.config.PracticeAppApplication        : Started PracticeAppApplication in 15.709 seconds (JVM running for 16.732)
2016-08-14 16:00:18.461  INFO 86440 --- [main] c.c.config.PracticeAppApplication        : Starting PracticeAppApplication on Appis-Air.fios-router.home with PID 86440 (/Users/appi_usa/Desktop/charanws/practiceApp/target/classes started by appi_usa in /Users/appi_usa/Desktop/charanws/practiceApp)
2016-08-14 16:00:18.470  INFO 86440 --- [main] c.c.config.PracticeAppApplication        : No active profile set, falling back to default profiles: default
2016-08-14 16:00:18.678  INFO 86440 --- [main] ationConfigEmbeddedWebApplicationContext : Refreshing org.springframework.boot.context.embedded.AnnotationConfigEmbeddedWebApplicationContext@736d6a5c: startup date [Sun Aug 14 16:00:18 CDT 2016]; root of context hierarchy
2016-08-14 16:00:21.929  INFO 86440 --- [main] trationDelegate$BeanPostProcessorChecker : Bean 'org.springframework.transaction.annotation.ProxyTransactionManagementConfiguration' of type [class org.springframework.transaction.annotation.ProxyTransactionManagementConfiguration$$EnhancerBySpringCGLIB$$76d82c93] is not eligible for getting processed by all BeanPostProcessors (for example: not eligible for auto-proxying)
2016-08-14 16:00:23.257  INFO 86440 --- [main] s.b.c.e.t.TomcatEmbeddedServletContainer : Tomcat initialized with port(s): 8080 (http)
2016-08-14 16:00:23.315  INFO 86440 --- [main] o.apache.catalina.core.StandardService   : Starting service Tomcat
2016-08-14 16:00:23.321  INFO 86440 --- [main] org.apache.catalina.core.StandardEngine  : Starting Servlet Engine: Apache Tomcat/8.5.4
2016-08-14 16:00:23.638  INFO 86440 --- [localhost-startStop-1] o.a.c.c.C.[Tomcat].[localhost].[/]       : Initializing Spring embedded WebApplicationContext
2016-08-14 16:00:23.639  INFO 86440 --- [localhost-startStop-1] o.s.web.context.ContextLoader            : Root WebApplicationContext: initialization completed in 4961 ms
2016-08-14 16:00:24.022  INFO 86440 --- [localhost-startStop-1] o.s.b.w.servlet.ServletRegistrationBean  : Mapping servlet: 'dispatcherServlet' to [/]
2016-08-14 16:00:24.032  INFO 86440 --- [localhost-startStop-1] o.s.b.w.servlet.FilterRegistrationBean   : Mapping filter: 'characterEncodingFilter' to: [/*]
2016-08-14 16:00:24.034  INFO 86440 --- [localhost-startStop-1] o.s.b.w.servlet.FilterRegistrationBean   : Mapping filter: 'hiddenHttpMethodFilter' to: [/*]
2016-08-14 16:00:24.034  INFO 86440 --- [localhost-startStop-1] o.s.b.w.servlet.FilterRegistrationBean   : Mapping filter: 'httpPutFormContentFilter' to: [/*]
2016-08-14 16:00:24.035  INFO 86440 --- [localhost-startStop-1] o.s.b.w.servlet.FilterRegistrationBean   : Mapping filter: 'requestContextFilter' to: [/*]
2016-08-14 16:00:24.665  INFO 86440 --- [main] j.LocalContainerEntityManagerFactoryBean : Building JPA container EntityManagerFactory for persistence unit 'default'
2016-08-14 16:00:24.701  INFO 86440 --- [main] o.hibernate.jpa.internal.util.LogHelper  : HHH000204: Processing PersistenceUnitInfo [
	name: default
	...]
2016-08-14 16:00:24.902  INFO 86440 --- [main] org.hibernate.Version                    : HHH000412: Hibernate Core {5.0.9.Final}
2016-08-14 16:00:24.908  INFO 86440 --- [main] org.hibernate.cfg.Environment            : HHH000206: hibernate.properties not found
2016-08-14 16:00:24.913  INFO 86440 --- [main] org.hibernate.cfg.Environment            : HHH000021: Bytecode provider name : javassist
2016-08-14 16:00:25.090  INFO 86440 --- [main] o.hibernate.annotations.common.Version   : HCANN000001: Hibernate Commons Annotations {5.0.1.Final}
2016-08-14 16:00:26.202  INFO 86440 --- [main] org.hibernate.dialect.Dialect            : HHH000400: Using dialect: org.hibernate.dialect.MySQL5Dialect
2016-08-14 16:00:27.697  INFO 86440 --- [main] org.hibernate.tool.hbm2ddl.SchemaUpdate  : HHH000228: Running hbm2ddl schema update
2016-08-14 16:00:29.130  INFO 86440 --- [main] j.LocalContainerEntityManagerFactoryBean : Initialized JPA EntityManagerFactory for persistence unit 'default'
2016-08-14 16:00:29.735  INFO 86440 --- [main] o.h.h.i.QueryTranslatorFactoryInitiator  : HHH000397: Using ASTQueryTranslatorFactory
2016-08-14 16:00:31.299  INFO 86440 --- [main] s.w.s.m.m.a.RequestMappingHandlerAdapter : Looking for @ControllerAdvice: org.springframework.boot.context.embedded.AnnotationConfigEmbeddedWebApplicationContext@736d6a5c: startup date [Sun Aug 14 16:00:18 CDT 2016]; root of context hierarchy
2016-08-14 16:00:31.548  INFO 86440 --- [main] s.w.s.m.m.a.RequestMappingHandlerMapping : Mapped "{[/course/{courseId}],methods=[GET]}" onto public org.springframework.http.ResponseEntity<com.courseapp.domain.Course> com.courseapp.rest.CourseController.update(java.lang.Long) throws java.lang.Exception
2016-08-14 16:00:31.552  INFO 86440 --- [main] s.w.s.m.m.a.RequestMappingHandlerMapping : Mapped "{[/course],methods=[PUT]}" onto public org.springframework.http.ResponseEntity<com.courseapp.domain.Course> com.courseapp.rest.CourseController.update(com.courseapp.domain.Course) throws java.lang.Exception
2016-08-14 16:00:31.552  INFO 86440 --- [main] s.w.s.m.m.a.RequestMappingHandlerMapping : Mapped "{[/course/{courseId}],methods=[DELETE]}" onto public org.springframework.http.ResponseEntity<org.springframework.http.HttpStatus> com.courseapp.rest.CourseController.delete(java.lang.Long) throws java.lang.Exception
2016-08-14 16:00:31.553  INFO 86440 --- [main] s.w.s.m.m.a.RequestMappingHandlerMapping : Mapped "{[/course],methods=[POST]}" onto public org.springframework.http.ResponseEntity<com.courseapp.domain.Course> com.courseapp.rest.CourseController.create(com.courseapp.domain.Course) throws java.lang.Exception
2016-08-14 16:00:31.553  INFO 86440 --- [main] s.w.s.m.m.a.RequestMappingHandlerMapping : Mapped "{[/course],methods=[GET]}" onto public org.springframework.http.ResponseEntity<java.util.List<com.courseapp.domain.Course>> com.courseapp.rest.CourseController.getAllCourses() throws java.lang.Exception
2016-08-14 16:00:31.554  INFO 86440 --- [main] s.w.s.m.m.a.RequestMappingHandlerMapping : Mapped "{[/course/{courseId}/users/{userId}],methods=[PUT]}" onto public org.springframework.http.ResponseEntity<com.courseapp.domain.Course> com.courseapp.rest.CourseController.addUserToCourse(java.lang.Long,java.lang.Long) throws java.lang.Exception
2016-08-14 16:00:31.555  INFO 86440 --- [main] s.w.s.m.m.a.RequestMappingHandlerMapping : Mapped "{[/course/{courseId}/users/{userId}],methods=[DELETE]}" onto public org.springframework.http.ResponseEntity<com.courseapp.domain.Course> com.courseapp.rest.CourseController.removeUserFromCourse(java.lang.Long,java.lang.Long) throws java.lang.Exception
2016-08-14 16:00:31.556  INFO 86440 --- [main] s.w.s.m.m.a.RequestMappingHandlerMapping : Mapped "{[/course/{courseId}/topic],methods=[PUT]}" onto public org.springframework.http.ResponseEntity<com.courseapp.domain.Course> com.courseapp.rest.CourseController.addTopicToCourse(java.lang.Long,com.courseapp.domain.Topic) throws java.lang.Exception
2016-08-14 16:00:31.556  INFO 86440 --- [main] s.w.s.m.m.a.RequestMappingHandlerMapping : Mapped "{[/course/{courseId}/topic],methods=[DELETE]}" onto public org.springframework.http.ResponseEntity<com.courseapp.domain.Course> com.courseapp.rest.CourseController.removeTopicFromACourse(java.lang.Long,com.courseapp.domain.Topic) throws java.lang.Exception
2016-08-14 16:00:31.557  INFO 86440 --- [main] s.w.s.m.m.a.RequestMappingHandlerMapping : Mapped "{[/authenticate],methods=[POST]}" onto public org.springframework.http.ResponseEntity<com.courseapp.domain.User> com.courseapp.rest.LoginController.login(com.courseapp.domain.User) throws java.lang.Exception
2016-08-14 16:00:31.569  INFO 86440 --- [main] s.w.s.m.m.a.RequestMappingHandlerMapping : Mapped "{[/user],methods=[PUT]}" onto public org.springframework.http.ResponseEntity<com.courseapp.domain.User> com.courseapp.rest.UserController.update(com.courseapp.domain.User) throws java.lang.Exception
2016-08-14 16:00:31.570  INFO 86440 --- [main] s.w.s.m.m.a.RequestMappingHandlerMapping : Mapped "{[/user/{userId}],methods=[DELETE]}" onto public org.springframework.http.ResponseEntity<org.springframework.http.HttpStatus> com.courseapp.rest.UserController.delete(java.lang.Long) throws java.lang.Exception
2016-08-14 16:00:31.571  INFO 86440 --- [main] s.w.s.m.m.a.RequestMappingHandlerMapping : Mapped "{[/user],methods=[POST]}" onto public org.springframework.http.ResponseEntity<com.courseapp.domain.User> com.courseapp.rest.UserController.create(com.courseapp.domain.User) throws java.lang.Exception
2016-08-14 16:00:31.573  INFO 86440 --- [main] s.w.s.m.m.a.RequestMappingHandlerMapping : Mapped "{[/user],methods=[GET]}" onto public org.springframework.http.ResponseEntity<com.courseapp.domain.User> com.courseapp.rest.UserController.getByUserId(java.lang.Long) throws java.lang.Exception
2016-08-14 16:00:31.574  INFO 86440 --- [main] s.w.s.m.m.a.RequestMappingHandlerMapping : Mapped "{[/user/{userName}],methods=[GET]}" onto public org.springframework.http.ResponseEntity<com.courseapp.domain.User> com.courseapp.rest.UserController.getByUserName(java.lang.String) throws java.lang.Exception
2016-08-14 16:00:31.575  INFO 86440 --- [main] s.w.s.m.m.a.RequestMappingHandlerMapping : Mapped "{[/user/courses/{userId}],methods=[GET]}" onto public org.springframework.http.ResponseEntity<java.util.List<com.courseapp.domain.Course>> com.courseapp.rest.UserController.getAllCoursesForaUser(java.lang.Long) throws java.lang.Exception
2016-08-14 16:00:31.576  INFO 86440 --- [main] s.w.s.m.m.a.RequestMappingHandlerMapping : Mapped "{[/user/checkIfExists],methods=[POST]}" onto public org.springframework.http.ResponseEntity<java.lang.Boolean> com.courseapp.rest.UserController.checkIfExists(java.lang.String) throws java.lang.Exception
2016-08-14 16:00:31.581  INFO 86440 --- [main] s.w.s.m.m.a.RequestMappingHandlerMapping : Mapped "{[/error]}" onto public org.springframework.http.ResponseEntity<java.util.Map<java.lang.String, java.lang.Object>> org.springframework.boot.autoconfigure.web.BasicErrorController.error(javax.servlet.http.HttpServletRequest)
2016-08-14 16:00:31.583  INFO 86440 --- [main] s.w.s.m.m.a.RequestMappingHandlerMapping : Mapped "{[/error],produces=[text/html]}" onto public org.springframework.web.servlet.ModelAndView org.springframework.boot.autoconfigure.web.BasicErrorController.errorHtml(javax.servlet.http.HttpServletRequest,javax.servlet.http.HttpServletResponse)
2016-08-14 16:00:31.711  INFO 86440 --- [main] o.s.w.s.handler.SimpleUrlHandlerMapping  : Mapped URL path [/webjars/**] onto handler of type [class org.springframework.web.servlet.resource.ResourceHttpRequestHandler]
2016-08-14 16:00:31.711  INFO 86440 --- [main] o.s.w.s.handler.SimpleUrlHandlerMapping  : Mapped URL path [/**] onto handler of type [class org.springframework.web.servlet.resource.ResourceHttpRequestHandler]
2016-08-14 16:00:31.785  INFO 86440 --- [main] .m.m.a.ExceptionHandlerExceptionResolver : Detected @ExceptionHandler methods in errorHandlingAdvice
2016-08-14 16:00:31.875  INFO 86440 --- [main] o.s.w.s.handler.SimpleUrlHandlerMapping  : Mapped URL path [/**/favicon.ico] onto handler of type [class org.springframework.web.servlet.resource.ResourceHttpRequestHandler]
2016-08-14 16:00:32.904  INFO 86440 --- [main] o.s.j.e.a.AnnotationMBeanExporter        : Registering beans for JMX exposure on startup
2016-08-14 16:00:33.049  INFO 86440 --- [main] s.b.c.e.t.TomcatEmbeddedServletContainer : Tomcat started on port(s): 8080 (http)
2016-08-14 16:00:33.062  INFO 86440 --- [main] c.c.config.PracticeAppApplication        : Started PracticeAppApplication in 15.689 seconds (JVM running for 16.883)
2016-08-14 17:11:59.064  INFO 87279 --- [main] c.c.config.PracticeAppApplication        : Starting PracticeAppApplication on Appis-Air.fios-router.home with PID 87279 (/Users/appi_usa/Desktop/charanws/practiceApp/target/classes started by appi_usa in /Users/appi_usa/Desktop/charanws/practiceApp)
2016-08-14 17:11:59.079  INFO 87279 --- [main] c.c.config.PracticeAppApplication        : No active profile set, falling back to default profiles: default
2016-08-14 17:11:59.299  INFO 87279 --- [main] ationConfigEmbeddedWebApplicationContext : Refreshing org.springframework.boot.context.embedded.AnnotationConfigEmbeddedWebApplicationContext@736d6a5c: startup date [Sun Aug 14 17:11:59 CDT 2016]; root of context hierarchy
2016-08-14 17:12:03.318  INFO 87279 --- [main] trationDelegate$BeanPostProcessorChecker : Bean 'org.springframework.transaction.annotation.ProxyTransactionManagementConfiguration' of type [class org.springframework.transaction.annotation.ProxyTransactionManagementConfiguration$$EnhancerBySpringCGLIB$$78c6edcb] is not eligible for getting processed by all BeanPostProcessors (for example: not eligible for auto-proxying)
2016-08-14 17:12:04.796  INFO 87279 --- [main] s.b.c.e.t.TomcatEmbeddedServletContainer : Tomcat initialized with port(s): 8080 (http)
2016-08-14 17:12:04.834  INFO 87279 --- [main] o.apache.catalina.core.StandardService   : Starting service Tomcat
2016-08-14 17:12:04.837  INFO 87279 --- [main] org.apache.catalina.core.StandardEngine  : Starting Servlet Engine: Apache Tomcat/8.5.4
2016-08-14 17:12:05.165  INFO 87279 --- [localhost-startStop-1] o.a.c.c.C.[Tomcat].[localhost].[/]       : Initializing Spring embedded WebApplicationContext
2016-08-14 17:12:05.166  INFO 87279 --- [localhost-startStop-1] o.s.web.context.ContextLoader            : Root WebApplicationContext: initialization completed in 5867 ms
2016-08-14 17:12:05.592  INFO 87279 --- [localhost-startStop-1] o.s.b.w.servlet.ServletRegistrationBean  : Mapping servlet: 'dispatcherServlet' to [/]
2016-08-14 17:12:05.604  INFO 87279 --- [localhost-startStop-1] o.s.b.w.servlet.FilterRegistrationBean   : Mapping filter: 'characterEncodingFilter' to: [/*]
2016-08-14 17:12:05.605  INFO 87279 --- [localhost-startStop-1] o.s.b.w.servlet.FilterRegistrationBean   : Mapping filter: 'hiddenHttpMethodFilter' to: [/*]
2016-08-14 17:12:05.606  INFO 87279 --- [localhost-startStop-1] o.s.b.w.servlet.FilterRegistrationBean   : Mapping filter: 'httpPutFormContentFilter' to: [/*]
2016-08-14 17:12:05.606  INFO 87279 --- [localhost-startStop-1] o.s.b.w.servlet.FilterRegistrationBean   : Mapping filter: 'requestContextFilter' to: [/*]
2016-08-14 17:12:06.383  INFO 87279 --- [main] j.LocalContainerEntityManagerFactoryBean : Building JPA container EntityManagerFactory for persistence unit 'default'
2016-08-14 17:12:06.426  INFO 87279 --- [main] o.hibernate.jpa.internal.util.LogHelper  : HHH000204: Processing PersistenceUnitInfo [
	name: default
	...]
2016-08-14 17:12:06.766  INFO 87279 --- [main] org.hibernate.Version                    : HHH000412: Hibernate Core {5.0.9.Final}
2016-08-14 17:12:06.770  INFO 87279 --- [main] org.hibernate.cfg.Environment            : HHH000206: hibernate.properties not found
2016-08-14 17:12:06.777  INFO 87279 --- [main] org.hibernate.cfg.Environment            : HHH000021: Bytecode provider name : javassist
2016-08-14 17:12:06.924  INFO 87279 --- [main] o.hibernate.annotations.common.Version   : HCANN000001: Hibernate Commons Annotations {5.0.1.Final}
2016-08-14 17:12:08.059  INFO 87279 --- [main] org.hibernate.dialect.Dialect            : HHH000400: Using dialect: org.hibernate.dialect.MySQL5Dialect
2016-08-14 17:12:09.297  INFO 87279 --- [main] org.hibernate.tool.hbm2ddl.SchemaUpdate  : HHH000228: Running hbm2ddl schema update
2016-08-14 17:12:11.096  INFO 87279 --- [main] j.LocalContainerEntityManagerFactoryBean : Initialized JPA EntityManagerFactory for persistence unit 'default'
2016-08-14 17:12:11.841  INFO 87279 --- [main] o.h.h.i.QueryTranslatorFactoryInitiator  : HHH000397: Using ASTQueryTranslatorFactory
2016-08-14 17:12:13.524  INFO 87279 --- [main] s.w.s.m.m.a.RequestMappingHandlerAdapter : Looking for @ControllerAdvice: org.springframework.boot.context.embedded.AnnotationConfigEmbeddedWebApplicationContext@736d6a5c: startup date [Sun Aug 14 17:11:59 CDT 2016]; root of context hierarchy
2016-08-14 17:12:13.822  INFO 87279 --- [main] s.w.s.m.m.a.RequestMappingHandlerMapping : Mapped "{[/course/{courseId}],methods=[GET]}" onto public org.springframework.http.ResponseEntity<com.courseapp.domain.Course> com.courseapp.rest.CourseController.update(java.lang.Long) throws java.lang.Exception
2016-08-14 17:12:13.824  INFO 87279 --- [main] s.w.s.m.m.a.RequestMappingHandlerMapping : Mapped "{[/course],methods=[PUT]}" onto public org.springframework.http.ResponseEntity<com.courseapp.domain.Course> com.courseapp.rest.CourseController.update(com.courseapp.domain.Course) throws java.lang.Exception
2016-08-14 17:12:13.825  INFO 87279 --- [main] s.w.s.m.m.a.RequestMappingHandlerMapping : Mapped "{[/course/{courseId}],methods=[DELETE]}" onto public org.springframework.http.ResponseEntity<org.springframework.http.HttpStatus> com.courseapp.rest.CourseController.delete(java.lang.Long) throws java.lang.Exception
2016-08-14 17:12:13.826  INFO 87279 --- [main] s.w.s.m.m.a.RequestMappingHandlerMapping : Mapped "{[/course],methods=[POST]}" onto public org.springframework.http.ResponseEntity<com.courseapp.domain.Course> com.courseapp.rest.CourseController.create(com.courseapp.domain.Course) throws java.lang.Exception
2016-08-14 17:12:13.826  INFO 87279 --- [main] s.w.s.m.m.a.RequestMappingHandlerMapping : Mapped "{[/course],methods=[GET]}" onto public org.springframework.http.ResponseEntity<java.util.List<com.courseapp.domain.Course>> com.courseapp.rest.CourseController.getAllCourses() throws java.lang.Exception
2016-08-14 17:12:13.827  INFO 87279 --- [main] s.w.s.m.m.a.RequestMappingHandlerMapping : Mapped "{[/course/{courseId}/users/{userId}],methods=[PUT]}" onto public org.springframework.http.ResponseEntity<com.courseapp.domain.Course> com.courseapp.rest.CourseController.addUserToCourse(java.lang.Long,java.lang.Long) throws java.lang.Exception
2016-08-14 17:12:13.828  INFO 87279 --- [main] s.w.s.m.m.a.RequestMappingHandlerMapping : Mapped "{[/course/{courseId}/users/{userId}],methods=[DELETE]}" onto public org.springframework.http.ResponseEntity<com.courseapp.domain.Course> com.courseapp.rest.CourseController.removeUserFromCourse(java.lang.Long,java.lang.Long) throws java.lang.Exception
2016-08-14 17:12:13.829  INFO 87279 --- [main] s.w.s.m.m.a.RequestMappingHandlerMapping : Mapped "{[/course/{courseId}/topic],methods=[PUT]}" onto public org.springframework.http.ResponseEntity<com.courseapp.domain.Course> com.courseapp.rest.CourseController.addTopicToCourse(java.lang.Long,com.courseapp.domain.Topic) throws java.lang.Exception
2016-08-14 17:12:13.830  INFO 87279 --- [main] s.w.s.m.m.a.RequestMappingHandlerMapping : Mapped "{[/course/{courseId}/topic],methods=[DELETE]}" onto public org.springframework.http.ResponseEntity<com.courseapp.domain.Course> com.courseapp.rest.CourseController.removeTopicFromACourse(java.lang.Long,com.courseapp.domain.Topic) throws java.lang.Exception
2016-08-14 17:12:13.831  INFO 87279 --- [main] s.w.s.m.m.a.RequestMappingHandlerMapping : Mapped "{[/course/user/{userId}],methods=[GET]}" onto public org.springframework.http.ResponseEntity<java.util.List<com.courseapp.domain.Course>> com.courseapp.rest.CourseController.getAllCoursesForaUser(java.lang.Long) throws java.lang.Exception
2016-08-14 17:12:13.844  INFO 87279 --- [main] s.w.s.m.m.a.RequestMappingHandlerMapping : Mapped "{[/user],methods=[PUT]}" onto public org.springframework.http.ResponseEntity<com.courseapp.domain.User> com.courseapp.rest.UserController.update(com.courseapp.domain.User) throws java.lang.Exception
2016-08-14 17:12:13.845  INFO 87279 --- [main] s.w.s.m.m.a.RequestMappingHandlerMapping : Mapped "{[/user/{userId}],methods=[DELETE]}" onto public org.springframework.http.ResponseEntity<org.springframework.http.HttpStatus> com.courseapp.rest.UserController.delete(java.lang.Long) throws java.lang.Exception
2016-08-14 17:12:13.847  INFO 87279 --- [main] s.w.s.m.m.a.RequestMappingHandlerMapping : Mapped "{[/user],methods=[POST]}" onto public org.springframework.http.ResponseEntity<com.courseapp.domain.User> com.courseapp.rest.UserController.create(com.courseapp.domain.User) throws java.lang.Exception
2016-08-14 17:12:13.848  INFO 87279 --- [main] s.w.s.m.m.a.RequestMappingHandlerMapping : Mapped "{[/user/{userName}],methods=[GET]}" onto public org.springframework.http.ResponseEntity<com.courseapp.domain.User> com.courseapp.rest.UserController.getByUserName(java.lang.String) throws java.lang.Exception
2016-08-14 17:12:13.849  INFO 87279 --- [main] s.w.s.m.m.a.RequestMappingHandlerMapping : Mapped "{[/user/login],methods=[POST]}" onto public org.springframework.http.ResponseEntity<com.courseapp.domain.User> com.courseapp.rest.UserController.login(com.courseapp.domain.User) throws java.lang.Exception
2016-08-14 17:12:13.850  INFO 87279 --- [main] s.w.s.m.m.a.RequestMappingHandlerMapping : Mapped "{[/user],methods=[GET]}" onto public org.springframework.http.ResponseEntity<com.courseapp.domain.User> com.courseapp.rest.UserController.getByUserId(java.lang.Long) throws java.lang.Exception
2016-08-14 17:12:13.850  INFO 87279 --- [main] s.w.s.m.m.a.RequestMappingHandlerMapping : Mapped "{[/user/checkIfExists],methods=[POST]}" onto public org.springframework.http.ResponseEntity<java.lang.Boolean> com.courseapp.rest.UserController.checkIfExists(java.lang.String) throws java.lang.Exception
2016-08-14 17:12:13.855  INFO 87279 --- [main] s.w.s.m.m.a.RequestMappingHandlerMapping : Mapped "{[/error]}" onto public org.springframework.http.ResponseEntity<java.util.Map<java.lang.String, java.lang.Object>> org.springframework.boot.autoconfigure.web.BasicErrorController.error(javax.servlet.http.HttpServletRequest)
2016-08-14 17:12:13.856  INFO 87279 --- [main] s.w.s.m.m.a.RequestMappingHandlerMapping : Mapped "{[/error],produces=[text/html]}" onto public org.springframework.web.servlet.ModelAndView org.springframework.boot.autoconfigure.web.BasicErrorController.errorHtml(javax.servlet.http.HttpServletRequest,javax.servlet.http.HttpServletResponse)
2016-08-14 17:12:13.970  INFO 87279 --- [main] o.s.w.s.handler.SimpleUrlHandlerMapping  : Mapped URL path [/webjars/**] onto handler of type [class org.springframework.web.servlet.resource.ResourceHttpRequestHandler]
2016-08-14 17:12:13.970  INFO 87279 --- [main] o.s.w.s.handler.SimpleUrlHandlerMapping  : Mapped URL path [/**] onto handler of type [class org.springframework.web.servlet.resource.ResourceHttpRequestHandler]
2016-08-14 17:12:14.022  INFO 87279 --- [main] .m.m.a.ExceptionHandlerExceptionResolver : Detected @ExceptionHandler methods in errorHandlingAdvice
2016-08-14 17:12:14.104  INFO 87279 --- [main] o.s.w.s.handler.SimpleUrlHandlerMapping  : Mapped URL path [/**/favicon.ico] onto handler of type [class org.springframework.web.servlet.resource.ResourceHttpRequestHandler]
2016-08-14 17:12:15.132  INFO 87279 --- [main] o.s.j.e.a.AnnotationMBeanExporter        : Registering beans for JMX exposure on startup
2016-08-14 17:12:15.348  INFO 87279 --- [main] s.b.c.e.t.TomcatEmbeddedServletContainer : Tomcat started on port(s): 8080 (http)
2016-08-14 17:12:15.360  INFO 87279 --- [main] c.c.config.PracticeAppApplication        : Started PracticeAppApplication in 18.328 seconds (JVM running for 20.43)
2016-08-14 17:32:01.540  INFO 87279 --- [http-nio-8080-exec-5] o.a.c.c.C.[Tomcat].[localhost].[/]       : Initializing Spring FrameworkServlet 'dispatcherServlet'
2016-08-14 17:32:01.552  INFO 87279 --- [http-nio-8080-exec-5] o.s.web.servlet.DispatcherServlet        : FrameworkServlet 'dispatcherServlet': initialization started
2016-08-14 17:32:01.658  INFO 87279 --- [http-nio-8080-exec-5] o.s.web.servlet.DispatcherServlet        : FrameworkServlet 'dispatcherServlet': initialization completed in 105 ms
2016-08-14 17:32:02.244  INFO 87279 --- [http-nio-8080-exec-5] com.courseapp.rest.UserController        : received login request from user with user name appi.bh@gmail.com
2016-08-14 17:33:33.474  INFO 87279 --- [http-nio-8080-exec-7] com.courseapp.rest.UserController        : received login request from user with user name bhiapp88889@gmail.com
2016-08-14 17:33:33.619  INFO 87279 --- [http-nio-8080-exec-7] com.courseapp.rest.UserController        : login request succedded for user with user name bhiapp88889@gmail.com
2016-08-14 17:34:12.390  INFO 87279 --- [http-nio-8080-exec-9] com.courseapp.rest.UserController        : received login request from user with user name bhiapp88889@gmail.com
2016-08-14 17:34:12.432  INFO 87279 --- [http-nio-8080-exec-9] com.courseapp.rest.UserController        : login request succedded for user with user name bhiapp88889@gmail.com
2016-08-14 17:35:03.368  INFO 87279 --- [http-nio-8080-exec-3] com.courseapp.rest.UserController        : received login request from user with user name bhiapp88889@gmail.com
2016-08-14 17:35:03.431  INFO 87279 --- [http-nio-8080-exec-3] com.courseapp.rest.UserController        : login request succedded for user with user name bhiapp88889@gmail.com
2016-08-14 18:05:03.016  INFO 87279 --- [http-nio-8080-exec-5] com.courseapp.rest.UserController        : received login request from user with user name bhiapp88889@gmail.com
2016-08-14 18:05:03.047  INFO 87279 --- [http-nio-8080-exec-5] com.courseapp.rest.UserController        : login request succedded for user with user name bhiapp88889@gmail.com
2016-08-14 18:12:23.765  INFO 87279 --- [http-nio-8080-exec-5] com.courseapp.rest.UserController        : received login request from user with user name bhiapp88889@gmail.com
2016-08-14 18:12:23.785  INFO 87279 --- [http-nio-8080-exec-5] com.courseapp.rest.UserController        : login request succedded for user with user name bhiapp88889@gmail.com
2016-08-14 18:13:45.666  INFO 87279 --- [http-nio-8080-exec-10] com.courseapp.rest.UserController        : received login request from user with user name bhiapp88889@gmail.com
2016-08-14 18:13:45.688  INFO 87279 --- [http-nio-8080-exec-10] com.courseapp.rest.UserController        : login request succedded for user with user name bhiapp88889@gmail.com
2016-08-14 18:16:38.217  INFO 87279 --- [http-nio-8080-exec-4] com.courseapp.rest.UserController        : received login request from user with user name bhiapp88889@gmail.com
2016-08-14 18:16:38.266  INFO 87279 --- [http-nio-8080-exec-4] com.courseapp.rest.UserController        : login request succedded for user with user name bhiapp88889@gmail.com
2016-08-14 18:18:08.150  INFO 87279 --- [http-nio-8080-exec-9] com.courseapp.rest.UserController        : received login request from user with user name bhiapp88889@gmail.com
2016-08-14 18:18:08.180  INFO 87279 --- [http-nio-8080-exec-9] com.courseapp.rest.UserController        : login request succedded for user with user name bhiapp88889@gmail.com
2016-08-14 18:21:11.020  INFO 87279 --- [http-nio-8080-exec-7] com.courseapp.rest.UserController        : received login request from user with user name bhiapp88889@gmail.com
2016-08-14 18:21:11.041  INFO 87279 --- [http-nio-8080-exec-7] com.courseapp.rest.UserController        : login request succedded for user with user name bhiapp88889@gmail.com
2016-08-14 18:35:45.633  INFO 88069 --- [main] c.c.config.PracticeAppApplication        : Starting PracticeAppApplication on Appis-Air.fios-router.home with PID 88069 (/Users/appi_usa/Desktop/charanws/practiceApp/target/classes started by appi_usa in /Users/appi_usa/Desktop/charanws/practiceApp)
2016-08-14 18:35:45.644  INFO 88069 --- [main] c.c.config.PracticeAppApplication        : No active profile set, falling back to default profiles: default
2016-08-14 18:35:45.829  INFO 88069 --- [main] ationConfigEmbeddedWebApplicationContext : Refreshing org.springframework.boot.context.embedded.AnnotationConfigEmbeddedWebApplicationContext@736d6a5c: startup date [Sun Aug 14 18:35:45 CDT 2016]; root of context hierarchy
2016-08-14 18:35:49.416  INFO 88069 --- [main] trationDelegate$BeanPostProcessorChecker : Bean 'org.springframework.transaction.annotation.ProxyTransactionManagementConfiguration' of type [class org.springframework.transaction.annotation.ProxyTransactionManagementConfiguration$$EnhancerBySpringCGLIB$$9de7684f] is not eligible for getting processed by all BeanPostProcessors (for example: not eligible for auto-proxying)
2016-08-14 18:35:50.881  INFO 88069 --- [main] s.b.c.e.t.TomcatEmbeddedServletContainer : Tomcat initialized with port(s): 8080 (http)
2016-08-14 18:35:50.915  INFO 88069 --- [main] o.apache.catalina.core.StandardService   : Starting service Tomcat
2016-08-14 18:35:50.918  INFO 88069 --- [main] org.apache.catalina.core.StandardEngine  : Starting Servlet Engine: Apache Tomcat/8.5.4
2016-08-14 18:35:51.209  INFO 88069 --- [localhost-startStop-1] o.a.c.c.C.[Tomcat].[localhost].[/]       : Initializing Spring embedded WebApplicationContext
2016-08-14 18:35:51.210  INFO 88069 --- [localhost-startStop-1] o.s.web.context.ContextLoader            : Root WebApplicationContext: initialization completed in 5382 ms
2016-08-14 18:35:51.640  INFO 88069 --- [localhost-startStop-1] o.s.b.w.servlet.ServletRegistrationBean  : Mapping servlet: 'dispatcherServlet' to [/]
2016-08-14 18:35:51.659  INFO 88069 --- [localhost-startStop-1] o.s.b.w.servlet.FilterRegistrationBean   : Mapping filter: 'characterEncodingFilter' to: [/*]
2016-08-14 18:35:51.660  INFO 88069 --- [localhost-startStop-1] o.s.b.w.servlet.FilterRegistrationBean   : Mapping filter: 'hiddenHttpMethodFilter' to: [/*]
2016-08-14 18:35:51.661  INFO 88069 --- [localhost-startStop-1] o.s.b.w.servlet.FilterRegistrationBean   : Mapping filter: 'httpPutFormContentFilter' to: [/*]
2016-08-14 18:35:51.662  INFO 88069 --- [localhost-startStop-1] o.s.b.w.servlet.FilterRegistrationBean   : Mapping filter: 'requestContextFilter' to: [/*]
2016-08-14 18:35:52.540  INFO 88069 --- [main] j.LocalContainerEntityManagerFactoryBean : Building JPA container EntityManagerFactory for persistence unit 'default'
2016-08-14 18:35:52.612  INFO 88069 --- [main] o.hibernate.jpa.internal.util.LogHelper  : HHH000204: Processing PersistenceUnitInfo [
	name: default
	...]
2016-08-14 18:35:53.752  INFO 88069 --- [main] org.hibernate.Version                    : HHH000412: Hibernate Core {5.0.9.Final}
2016-08-14 18:35:53.757  INFO 88069 --- [main] org.hibernate.cfg.Environment            : HHH000206: hibernate.properties not found
2016-08-14 18:35:53.761  INFO 88069 --- [main] org.hibernate.cfg.Environment            : HHH000021: Bytecode provider name : javassist
2016-08-14 18:35:53.944  INFO 88069 --- [main] o.hibernate.annotations.common.Version   : HCANN000001: Hibernate Commons Annotations {5.0.1.Final}
2016-08-14 18:35:55.150  INFO 88069 --- [main] org.hibernate.dialect.Dialect            : HHH000400: Using dialect: org.hibernate.dialect.MySQL5Dialect
2016-08-14 18:35:56.286  INFO 88069 --- [main] org.hibernate.tool.hbm2ddl.SchemaUpdate  : HHH000228: Running hbm2ddl schema update
2016-08-14 18:35:58.279  INFO 88069 --- [main] j.LocalContainerEntityManagerFactoryBean : Initialized JPA EntityManagerFactory for persistence unit 'default'
2016-08-14 18:35:59.019  INFO 88069 --- [main] o.h.h.i.QueryTranslatorFactoryInitiator  : HHH000397: Using ASTQueryTranslatorFactory
2016-08-14 18:36:00.578  INFO 88069 --- [main] s.w.s.m.m.a.RequestMappingHandlerAdapter : Looking for @ControllerAdvice: org.springframework.boot.context.embedded.AnnotationConfigEmbeddedWebApplicationContext@736d6a5c: startup date [Sun Aug 14 18:35:45 CDT 2016]; root of context hierarchy
2016-08-14 18:36:00.936  INFO 88069 --- [main] s.w.s.m.m.a.RequestMappingHandlerMapping : Mapped "{[/course/{courseId}],methods=[GET]}" onto public org.springframework.http.ResponseEntity<com.courseapp.domain.Course> com.courseapp.rest.CourseController.update(java.lang.Long) throws java.lang.Exception
2016-08-14 18:36:00.938  INFO 88069 --- [main] s.w.s.m.m.a.RequestMappingHandlerMapping : Mapped "{[/course],methods=[PUT]}" onto public org.springframework.http.ResponseEntity<com.courseapp.domain.Course> com.courseapp.rest.CourseController.update(com.courseapp.domain.Course) throws java.lang.Exception
2016-08-14 18:36:00.939  INFO 88069 --- [main] s.w.s.m.m.a.RequestMappingHandlerMapping : Mapped "{[/course/{courseId}],methods=[DELETE]}" onto public org.springframework.http.ResponseEntity<org.springframework.http.HttpStatus> com.courseapp.rest.CourseController.delete(java.lang.Long) throws java.lang.Exception
2016-08-14 18:36:00.940  INFO 88069 --- [main] s.w.s.m.m.a.RequestMappingHandlerMapping : Mapped "{[/course],methods=[POST]}" onto public org.springframework.http.ResponseEntity<com.courseapp.domain.Course> com.courseapp.rest.CourseController.create(com.courseapp.domain.Course) throws java.lang.Exception
2016-08-14 18:36:00.941  INFO 88069 --- [main] s.w.s.m.m.a.RequestMappingHandlerMapping : Mapped "{[/course],methods=[GET]}" onto public org.springframework.http.ResponseEntity<java.util.List<com.courseapp.domain.Course>> com.courseapp.rest.CourseController.getAllCourses() throws java.lang.Exception
2016-08-14 18:36:00.942  INFO 88069 --- [main] s.w.s.m.m.a.RequestMappingHandlerMapping : Mapped "{[/course/{courseId}/users/{userId}],methods=[PUT]}" onto public org.springframework.http.ResponseEntity<com.courseapp.domain.Course> com.courseapp.rest.CourseController.addUserToCourse(java.lang.Long,java.lang.Long) throws java.lang.Exception
2016-08-14 18:36:00.943  INFO 88069 --- [main] s.w.s.m.m.a.RequestMappingHandlerMapping : Mapped "{[/course/{courseId}/users/{userId}],methods=[DELETE]}" onto public org.springframework.http.ResponseEntity<com.courseapp.domain.Course> com.courseapp.rest.CourseController.removeUserFromCourse(java.lang.Long,java.lang.Long) throws java.lang.Exception
2016-08-14 18:36:00.944  INFO 88069 --- [main] s.w.s.m.m.a.RequestMappingHandlerMapping : Mapped "{[/course/{courseId}/topic],methods=[PUT]}" onto public org.springframework.http.ResponseEntity<com.courseapp.domain.Course> com.courseapp.rest.CourseController.addTopicToCourse(java.lang.Long,com.courseapp.domain.Topic) throws java.lang.Exception
2016-08-14 18:36:00.945  INFO 88069 --- [main] s.w.s.m.m.a.RequestMappingHandlerMapping : Mapped "{[/course/{courseId}/topic],methods=[DELETE]}" onto public org.springframework.http.ResponseEntity<com.courseapp.domain.Course> com.courseapp.rest.CourseController.removeTopicFromACourse(java.lang.Long,com.courseapp.domain.Topic) throws java.lang.Exception
2016-08-14 18:36:00.946  INFO 88069 --- [main] s.w.s.m.m.a.RequestMappingHandlerMapping : Mapped "{[/course/user/{userId}],methods=[GET]}" onto public org.springframework.http.ResponseEntity<java.util.List<com.courseapp.domain.Course>> com.courseapp.rest.CourseController.getAllCoursesForaUser(java.lang.Long) throws java.lang.Exception
2016-08-14 18:36:00.959  INFO 88069 --- [main] s.w.s.m.m.a.RequestMappingHandlerMapping : Mapped "{[/user],methods=[PUT]}" onto public org.springframework.http.ResponseEntity<com.courseapp.domain.User> com.courseapp.rest.UserController.update(com.courseapp.domain.User) throws java.lang.Exception
2016-08-14 18:36:00.960  INFO 88069 --- [main] s.w.s.m.m.a.RequestMappingHandlerMapping : Mapped "{[/user/{userId}],methods=[DELETE]}" onto public org.springframework.http.ResponseEntity<org.springframework.http.HttpStatus> com.courseapp.rest.UserController.delete(java.lang.Long) throws java.lang.Exception
2016-08-14 18:36:00.961  INFO 88069 --- [main] s.w.s.m.m.a.RequestMappingHandlerMapping : Mapped "{[/user],methods=[POST]}" onto public org.springframework.http.ResponseEntity<com.courseapp.domain.User> com.courseapp.rest.UserController.create(com.courseapp.domain.User) throws java.lang.Exception
2016-08-14 18:36:00.962  INFO 88069 --- [main] s.w.s.m.m.a.RequestMappingHandlerMapping : Mapped "{[/user/login],methods=[POST]}" onto public org.springframework.http.ResponseEntity<com.courseapp.domain.User> com.courseapp.rest.UserController.login(com.courseapp.domain.User) throws java.lang.Exception
2016-08-14 18:36:00.963  INFO 88069 --- [main] s.w.s.m.m.a.RequestMappingHandlerMapping : Mapped "{[/user],methods=[GET]}" onto public org.springframework.http.ResponseEntity<com.courseapp.domain.User> com.courseapp.rest.UserController.getByUserId(java.lang.Long) throws java.lang.Exception
2016-08-14 18:36:00.964  INFO 88069 --- [main] s.w.s.m.m.a.RequestMappingHandlerMapping : Mapped "{[/user/{userName}],methods=[GET]}" onto public org.springframework.http.ResponseEntity<com.courseapp.domain.User> com.courseapp.rest.UserController.getByUserName(java.lang.String) throws java.lang.Exception
2016-08-14 18:36:00.965  INFO 88069 --- [main] s.w.s.m.m.a.RequestMappingHandlerMapping : Mapped "{[/user/checkIfExists],methods=[POST]}" onto public org.springframework.http.ResponseEntity<java.lang.Boolean> com.courseapp.rest.UserController.checkIfExists(java.lang.String) throws java.lang.Exception
2016-08-14 18:36:00.969  INFO 88069 --- [main] s.w.s.m.m.a.RequestMappingHandlerMapping : Mapped "{[/error]}" onto public org.springframework.http.ResponseEntity<java.util.Map<java.lang.String, java.lang.Object>> org.springframework.boot.autoconfigure.web.BasicErrorController.error(javax.servlet.http.HttpServletRequest)
2016-08-14 18:36:00.971  INFO 88069 --- [main] s.w.s.m.m.a.RequestMappingHandlerMapping : Mapped "{[/error],produces=[text/html]}" onto public org.springframework.web.servlet.ModelAndView org.springframework.boot.autoconfigure.web.BasicErrorController.errorHtml(javax.servlet.http.HttpServletRequest,javax.servlet.http.HttpServletResponse)
2016-08-14 18:36:01.081  INFO 88069 --- [main] o.s.w.s.handler.SimpleUrlHandlerMapping  : Mapped URL path [/webjars/**] onto handler of type [class org.springframework.web.servlet.resource.ResourceHttpRequestHandler]
2016-08-14 18:36:01.082  INFO 88069 --- [main] o.s.w.s.handler.SimpleUrlHandlerMapping  : Mapped URL path [/**] onto handler of type [class org.springframework.web.servlet.resource.ResourceHttpRequestHandler]
2016-08-14 18:36:01.132  INFO 88069 --- [main] .m.m.a.ExceptionHandlerExceptionResolver : Detected @ExceptionHandler methods in errorHandlingAdvice
2016-08-14 18:36:01.228  INFO 88069 --- [main] o.s.w.s.handler.SimpleUrlHandlerMapping  : Mapped URL path [/**/favicon.ico] onto handler of type [class org.springframework.web.servlet.resource.ResourceHttpRequestHandler]
2016-08-14 18:36:02.343  INFO 88069 --- [main] o.s.j.e.a.AnnotationMBeanExporter        : Registering beans for JMX exposure on startup
2016-08-14 18:36:02.570  INFO 88069 --- [main] s.b.c.e.t.TomcatEmbeddedServletContainer : Tomcat started on port(s): 8080 (http)
2016-08-14 18:36:02.585  INFO 88069 --- [main] c.c.config.PracticeAppApplication        : Started PracticeAppApplication in 18.202 seconds (JVM running for 20.08)
