2016-08-13 17:52:07.220  INFO 79690 --- [main] c.c.config.PracticeAppApplication        : Starting PracticeAppApplication on Appis-Air.fios-router.home with PID 79690 (/Users/appi_usa/Desktop/charanws/practiceApp/target/classes started by appi_usa in /Users/appi_usa/Desktop/charanws/practiceApp)
2016-08-13 17:52:07.234  INFO 79690 --- [main] c.c.config.PracticeAppApplication        : No active profile set, falling back to default profiles: default
2016-08-13 17:52:07.451  INFO 79690 --- [main] ationConfigEmbeddedWebApplicationContext : Refreshing org.springframework.boot.context.embedded.AnnotationConfigEmbeddedWebApplicationContext@736d6a5c: startup date [Sat Aug 13 17:52:07 CDT 2016]; root of context hierarchy
2016-08-13 17:52:11.225  INFO 79690 --- [main] trationDelegate$BeanPostProcessorChecker : Bean 'org.springframework.transaction.annotation.ProxyTransactionManagementConfiguration' of type [class org.springframework.transaction.annotation.ProxyTransactionManagementConfiguration$$EnhancerBySpringCGLIB$$11fd660d] is not eligible for getting processed by all BeanPostProcessors (for example: not eligible for auto-proxying)
2016-08-13 17:52:12.621  INFO 79690 --- [main] s.b.c.e.t.TomcatEmbeddedServletContainer : Tomcat initialized with port(s): 8080 (http)
2016-08-13 17:52:12.656  INFO 79690 --- [main] o.apache.catalina.core.StandardService   : Starting service Tomcat
2016-08-13 17:52:12.660  INFO 79690 --- [main] org.apache.catalina.core.StandardEngine  : Starting Servlet Engine: Apache Tomcat/8.5.4
2016-08-13 17:52:12.991  INFO 79690 --- [localhost-startStop-1] o.a.c.c.C.[Tomcat].[localhost].[/]       : Initializing Spring embedded WebApplicationContext
2016-08-13 17:52:12.992  INFO 79690 --- [localhost-startStop-1] o.s.web.context.ContextLoader            : Root WebApplicationContext: initialization completed in 5540 ms
2016-08-13 17:52:13.321  INFO 79690 --- [localhost-startStop-1] o.s.b.w.servlet.ServletRegistrationBean  : Mapping servlet: 'dispatcherServlet' to [/]
2016-08-13 17:52:13.332  INFO 79690 --- [localhost-startStop-1] o.s.b.w.servlet.FilterRegistrationBean   : Mapping filter: 'characterEncodingFilter' to: [/*]
2016-08-13 17:52:13.333  INFO 79690 --- [localhost-startStop-1] o.s.b.w.servlet.FilterRegistrationBean   : Mapping filter: 'hiddenHttpMethodFilter' to: [/*]
2016-08-13 17:52:13.334  INFO 79690 --- [localhost-startStop-1] o.s.b.w.servlet.FilterRegistrationBean   : Mapping filter: 'httpPutFormContentFilter' to: [/*]
2016-08-13 17:52:13.334  INFO 79690 --- [localhost-startStop-1] o.s.b.w.servlet.FilterRegistrationBean   : Mapping filter: 'requestContextFilter' to: [/*]
2016-08-13 17:52:14.017  INFO 79690 --- [main] j.LocalContainerEntityManagerFactoryBean : Building JPA container EntityManagerFactory for persistence unit 'default'
2016-08-13 17:52:14.063  INFO 79690 --- [main] o.hibernate.jpa.internal.util.LogHelper  : HHH000204: Processing PersistenceUnitInfo [
	name: default
	...]
2016-08-13 17:52:14.318  INFO 79690 --- [main] org.hibernate.Version                    : HHH000412: Hibernate Core {5.0.9.Final}
2016-08-13 17:52:14.321  INFO 79690 --- [main] org.hibernate.cfg.Environment            : HHH000206: hibernate.properties not found
2016-08-13 17:52:14.329  INFO 79690 --- [main] org.hibernate.cfg.Environment            : HHH000021: Bytecode provider name : javassist
2016-08-13 17:52:14.477  INFO 79690 --- [main] o.hibernate.annotations.common.Version   : HCANN000001: Hibernate Commons Annotations {5.0.1.Final}
2016-08-13 17:52:15.706  INFO 79690 --- [main] org.hibernate.dialect.Dialect            : HHH000400: Using dialect: org.hibernate.dialect.MySQL5Dialect
2016-08-13 17:52:16.929  INFO 79690 --- [main] org.hibernate.tool.hbm2ddl.SchemaUpdate  : HHH000228: Running hbm2ddl schema update
2016-08-13 17:52:18.191  INFO 79690 --- [main] j.LocalContainerEntityManagerFactoryBean : Initialized JPA EntityManagerFactory for persistence unit 'default'
2016-08-13 17:52:19.007  INFO 79690 --- [main] o.h.h.i.QueryTranslatorFactoryInitiator  : HHH000397: Using ASTQueryTranslatorFactory
2016-08-13 17:52:20.838  INFO 79690 --- [main] s.w.s.m.m.a.RequestMappingHandlerAdapter : Looking for @ControllerAdvice: org.springframework.boot.context.embedded.AnnotationConfigEmbeddedWebApplicationContext@736d6a5c: startup date [Sat Aug 13 17:52:07 CDT 2016]; root of context hierarchy
2016-08-13 17:52:21.142  INFO 79690 --- [main] s.w.s.m.m.a.RequestMappingHandlerMapping : Mapped "{[/course/{courseId}],methods=[GET]}" onto public org.springframework.http.ResponseEntity<com.courseapp.domain.Course> com.courseapp.rest.CourseController.update(java.lang.Long) throws java.lang.Exception
2016-08-13 17:52:21.146  INFO 79690 --- [main] s.w.s.m.m.a.RequestMappingHandlerMapping : Mapped "{[/course],methods=[PUT]}" onto public org.springframework.http.ResponseEntity<com.courseapp.domain.Course> com.courseapp.rest.CourseController.update(com.courseapp.domain.Course) throws java.lang.Exception
2016-08-13 17:52:21.146  INFO 79690 --- [main] s.w.s.m.m.a.RequestMappingHandlerMapping : Mapped "{[/course/{courseId}],methods=[DELETE]}" onto public org.springframework.http.ResponseEntity<org.springframework.http.HttpStatus> com.courseapp.rest.CourseController.delete(java.lang.Long) throws java.lang.Exception
2016-08-13 17:52:21.147  INFO 79690 --- [main] s.w.s.m.m.a.RequestMappingHandlerMapping : Mapped "{[/course],methods=[POST]}" onto public org.springframework.http.ResponseEntity<com.courseapp.domain.Course> com.courseapp.rest.CourseController.create(com.courseapp.domain.Course) throws java.lang.Exception
2016-08-13 17:52:21.148  INFO 79690 --- [main] s.w.s.m.m.a.RequestMappingHandlerMapping : Mapped "{[/course/{courseId}/users/{userId}],methods=[PUT]}" onto public org.springframework.http.ResponseEntity<com.courseapp.domain.Course> com.courseapp.rest.CourseController.addUserToCourse(java.lang.Long,java.lang.Long) throws java.lang.Exception
2016-08-13 17:52:21.150  INFO 79690 --- [main] s.w.s.m.m.a.RequestMappingHandlerMapping : Mapped "{[/course/{courseId}/users/{userId}],methods=[DELETE]}" onto public org.springframework.http.ResponseEntity<com.courseapp.domain.Course> com.courseapp.rest.CourseController.removeUserFromCourse(java.lang.Long,java.lang.Long) throws java.lang.Exception
2016-08-13 17:52:21.151  INFO 79690 --- [main] s.w.s.m.m.a.RequestMappingHandlerMapping : Mapped "{[/course/{courseId}/topic],methods=[PUT]}" onto public org.springframework.http.ResponseEntity<com.courseapp.domain.Course> com.courseapp.rest.CourseController.addTopicToCourse(java.lang.Long,com.courseapp.domain.Topic) throws java.lang.Exception
2016-08-13 17:52:21.152  INFO 79690 --- [main] s.w.s.m.m.a.RequestMappingHandlerMapping : Mapped "{[/course/{courseId}/topic],methods=[DELETE]}" onto public org.springframework.http.ResponseEntity<com.courseapp.domain.Course> com.courseapp.rest.CourseController.removeTopicFromACourse(java.lang.Long,com.courseapp.domain.Topic) throws java.lang.Exception
2016-08-13 17:52:21.157  INFO 79690 --- [main] s.w.s.m.m.a.RequestMappingHandlerMapping : Mapped "{[/authenticate],methods=[POST]}" onto public org.springframework.http.ResponseEntity<com.courseapp.domain.User> com.courseapp.rest.LoginController.login(com.courseapp.domain.User) throws java.lang.Exception
2016-08-13 17:52:21.168  INFO 79690 --- [main] s.w.s.m.m.a.RequestMappingHandlerMapping : Mapped "{[/user],methods=[PUT]}" onto public org.springframework.http.ResponseEntity<com.courseapp.domain.User> com.courseapp.rest.UserController.update(com.courseapp.domain.User) throws java.lang.Exception
2016-08-13 17:52:21.169  INFO 79690 --- [main] s.w.s.m.m.a.RequestMappingHandlerMapping : Mapped "{[/user/{userId}],methods=[DELETE]}" onto public org.springframework.http.ResponseEntity<org.springframework.http.HttpStatus> com.courseapp.rest.UserController.delete(java.lang.Long) throws java.lang.Exception
2016-08-13 17:52:21.170  INFO 79690 --- [main] s.w.s.m.m.a.RequestMappingHandlerMapping : Mapped "{[/user],methods=[POST]}" onto public org.springframework.http.ResponseEntity<com.courseapp.domain.User> com.courseapp.rest.UserController.create(com.courseapp.domain.User) throws java.lang.Exception
2016-08-13 17:52:21.172  INFO 79690 --- [main] s.w.s.m.m.a.RequestMappingHandlerMapping : Mapped "{[/user/{userName}],methods=[GET]}" onto public org.springframework.http.ResponseEntity<com.courseapp.domain.User> com.courseapp.rest.UserController.getByUserName(java.lang.String) throws java.lang.Exception
2016-08-13 17:52:21.174  INFO 79690 --- [main] s.w.s.m.m.a.RequestMappingHandlerMapping : Mapped "{[/user/{userId}],methods=[GET]}" onto public org.springframework.http.ResponseEntity<com.courseapp.domain.User> com.courseapp.rest.UserController.getByUserName(java.lang.Long) throws java.lang.Exception
2016-08-13 17:52:21.174  INFO 79690 --- [main] s.w.s.m.m.a.RequestMappingHandlerMapping : Mapped "{[/user/courses/{userId}],methods=[GET]}" onto public org.springframework.http.ResponseEntity<java.util.List<com.courseapp.domain.Course>> com.courseapp.rest.UserController.getAllCoursesForaUser(java.lang.Long) throws java.lang.Exception
2016-08-13 17:52:21.182  INFO 79690 --- [main] s.w.s.m.m.a.RequestMappingHandlerMapping : Mapped "{[/user/checkIfExists],methods=[POST]}" onto public org.springframework.http.ResponseEntity<java.lang.Boolean> com.courseapp.rest.UserController.checkIfExists(java.lang.String) throws java.lang.Exception
2016-08-13 17:52:21.203  INFO 79690 --- [main] s.w.s.m.m.a.RequestMappingHandlerMapping : Mapped "{[/error]}" onto public org.springframework.http.ResponseEntity<java.util.Map<java.lang.String, java.lang.Object>> org.springframework.boot.autoconfigure.web.BasicErrorController.error(javax.servlet.http.HttpServletRequest)
2016-08-13 17:52:21.204  INFO 79690 --- [main] s.w.s.m.m.a.RequestMappingHandlerMapping : Mapped "{[/error],produces=[text/html]}" onto public org.springframework.web.servlet.ModelAndView org.springframework.boot.autoconfigure.web.BasicErrorController.errorHtml(javax.servlet.http.HttpServletRequest,javax.servlet.http.HttpServletResponse)
2016-08-13 17:52:21.546  INFO 79690 --- [main] o.s.w.s.handler.SimpleUrlHandlerMapping  : Mapped URL path [/webjars/**] onto handler of type [class org.springframework.web.servlet.resource.ResourceHttpRequestHandler]
2016-08-13 17:52:21.546  INFO 79690 --- [main] o.s.w.s.handler.SimpleUrlHandlerMapping  : Mapped URL path [/**] onto handler of type [class org.springframework.web.servlet.resource.ResourceHttpRequestHandler]
2016-08-13 17:52:21.724  INFO 79690 --- [main] .m.m.a.ExceptionHandlerExceptionResolver : Detected @ExceptionHandler methods in errorHandlingAdvice
2016-08-13 17:52:21.860  INFO 79690 --- [main] o.s.w.s.handler.SimpleUrlHandlerMapping  : Mapped URL path [/**/favicon.ico] onto handler of type [class org.springframework.web.servlet.resource.ResourceHttpRequestHandler]
2016-08-13 17:52:23.262  INFO 79690 --- [main] o.s.j.e.a.AnnotationMBeanExporter        : Registering beans for JMX exposure on startup
2016-08-13 17:52:23.470  INFO 79690 --- [main] s.b.c.e.t.TomcatEmbeddedServletContainer : Tomcat started on port(s): 8080 (http)
2016-08-13 17:52:23.496  INFO 79690 --- [main] c.c.config.PracticeAppApplication        : Started PracticeAppApplication in 17.565 seconds (JVM running for 19.531)
2016-08-13 17:54:39.901  INFO 79690 --- [http-nio-8080-exec-1] o.a.c.c.C.[Tomcat].[localhost].[/]       : Initializing Spring FrameworkServlet 'dispatcherServlet'
2016-08-13 17:54:39.906  INFO 79690 --- [http-nio-8080-exec-1] o.s.web.servlet.DispatcherServlet        : FrameworkServlet 'dispatcherServlet': initialization started
2016-08-13 17:54:39.984  INFO 79690 --- [http-nio-8080-exec-1] o.s.web.servlet.DispatcherServlet        : FrameworkServlet 'dispatcherServlet': initialization completed in 77 ms
2016-08-13 19:28:36.087  INFO 80696 --- [main] c.c.config.PracticeAppApplication        : Starting PracticeAppApplication on Appis-Air.fios-router.home with PID 80696 (/Users/appi_usa/Desktop/charanws/practiceApp/target/classes started by appi_usa in /Users/appi_usa/Desktop/charanws/practiceApp)
2016-08-13 19:28:36.099  INFO 80696 --- [main] c.c.config.PracticeAppApplication        : No active profile set, falling back to default profiles: default
2016-08-13 19:28:36.337  INFO 80696 --- [main] ationConfigEmbeddedWebApplicationContext : Refreshing org.springframework.boot.context.embedded.AnnotationConfigEmbeddedWebApplicationContext@736d6a5c: startup date [Sat Aug 13 19:28:36 CDT 2016]; root of context hierarchy
2016-08-13 19:28:39.966  INFO 80696 --- [main] trationDelegate$BeanPostProcessorChecker : Bean 'org.springframework.transaction.annotation.ProxyTransactionManagementConfiguration' of type [class org.springframework.transaction.annotation.ProxyTransactionManagementConfiguration$$EnhancerBySpringCGLIB$$5ad62347] is not eligible for getting processed by all BeanPostProcessors (for example: not eligible for auto-proxying)
2016-08-13 19:28:41.429  INFO 80696 --- [main] s.b.c.e.t.TomcatEmbeddedServletContainer : Tomcat initialized with port(s): 8080 (http)
2016-08-13 19:28:41.464  INFO 80696 --- [main] o.apache.catalina.core.StandardService   : Starting service Tomcat
2016-08-13 19:28:41.467  INFO 80696 --- [main] org.apache.catalina.core.StandardEngine  : Starting Servlet Engine: Apache Tomcat/8.5.4
2016-08-13 19:28:41.810  INFO 80696 --- [localhost-startStop-1] o.a.c.c.C.[Tomcat].[localhost].[/]       : Initializing Spring embedded WebApplicationContext
2016-08-13 19:28:41.810  INFO 80696 --- [localhost-startStop-1] o.s.web.context.ContextLoader            : Root WebApplicationContext: initialization completed in 5473 ms
2016-08-13 19:28:42.246  INFO 80696 --- [localhost-startStop-1] o.s.b.w.servlet.ServletRegistrationBean  : Mapping servlet: 'dispatcherServlet' to [/]
2016-08-13 19:28:42.257  INFO 80696 --- [localhost-startStop-1] o.s.b.w.servlet.FilterRegistrationBean   : Mapping filter: 'characterEncodingFilter' to: [/*]
2016-08-13 19:28:42.258  INFO 80696 --- [localhost-startStop-1] o.s.b.w.servlet.FilterRegistrationBean   : Mapping filter: 'hiddenHttpMethodFilter' to: [/*]
2016-08-13 19:28:42.259  INFO 80696 --- [localhost-startStop-1] o.s.b.w.servlet.FilterRegistrationBean   : Mapping filter: 'httpPutFormContentFilter' to: [/*]
2016-08-13 19:28:42.259  INFO 80696 --- [localhost-startStop-1] o.s.b.w.servlet.FilterRegistrationBean   : Mapping filter: 'requestContextFilter' to: [/*]
2016-08-13 19:28:43.061  INFO 80696 --- [main] j.LocalContainerEntityManagerFactoryBean : Building JPA container EntityManagerFactory for persistence unit 'default'
2016-08-13 19:28:43.113  INFO 80696 --- [main] o.hibernate.jpa.internal.util.LogHelper  : HHH000204: Processing PersistenceUnitInfo [
	name: default
	...]
2016-08-13 19:28:43.454  INFO 80696 --- [main] org.hibernate.Version                    : HHH000412: Hibernate Core {5.0.9.Final}
2016-08-13 19:28:43.458  INFO 80696 --- [main] org.hibernate.cfg.Environment            : HHH000206: hibernate.properties not found
2016-08-13 19:28:43.462  INFO 80696 --- [main] org.hibernate.cfg.Environment            : HHH000021: Bytecode provider name : javassist
2016-08-13 19:28:43.668  INFO 80696 --- [main] o.hibernate.annotations.common.Version   : HCANN000001: Hibernate Commons Annotations {5.0.1.Final}
2016-08-13 19:28:44.799  INFO 80696 --- [main] org.hibernate.dialect.Dialect            : HHH000400: Using dialect: org.hibernate.dialect.MySQL5Dialect
2016-08-13 19:28:46.008  INFO 80696 --- [main] org.hibernate.tool.hbm2ddl.SchemaUpdate  : HHH000228: Running hbm2ddl schema update
2016-08-13 19:28:47.411  INFO 80696 --- [main] j.LocalContainerEntityManagerFactoryBean : Initialized JPA EntityManagerFactory for persistence unit 'default'
2016-08-13 19:28:48.149  INFO 80696 --- [main] o.h.h.i.QueryTranslatorFactoryInitiator  : HHH000397: Using ASTQueryTranslatorFactory
2016-08-13 19:28:49.660  INFO 80696 --- [main] s.w.s.m.m.a.RequestMappingHandlerAdapter : Looking for @ControllerAdvice: org.springframework.boot.context.embedded.AnnotationConfigEmbeddedWebApplicationContext@736d6a5c: startup date [Sat Aug 13 19:28:36 CDT 2016]; root of context hierarchy
2016-08-13 19:28:49.895  INFO 80696 --- [main] s.w.s.m.m.a.RequestMappingHandlerMapping : Mapped "{[/course/{courseId}],methods=[GET]}" onto public org.springframework.http.ResponseEntity<com.courseapp.domain.Course> com.courseapp.rest.CourseController.update(java.lang.Long) throws java.lang.Exception
2016-08-13 19:28:49.897  INFO 80696 --- [main] s.w.s.m.m.a.RequestMappingHandlerMapping : Mapped "{[/course],methods=[PUT]}" onto public org.springframework.http.ResponseEntity<com.courseapp.domain.Course> com.courseapp.rest.CourseController.update(com.courseapp.domain.Course) throws java.lang.Exception
2016-08-13 19:28:49.898  INFO 80696 --- [main] s.w.s.m.m.a.RequestMappingHandlerMapping : Mapped "{[/course/{courseId}],methods=[DELETE]}" onto public org.springframework.http.ResponseEntity<org.springframework.http.HttpStatus> com.courseapp.rest.CourseController.delete(java.lang.Long) throws java.lang.Exception
2016-08-13 19:28:49.899  INFO 80696 --- [main] s.w.s.m.m.a.RequestMappingHandlerMapping : Mapped "{[/course],methods=[POST]}" onto public org.springframework.http.ResponseEntity<com.courseapp.domain.Course> com.courseapp.rest.CourseController.create(com.courseapp.domain.Course) throws java.lang.Exception
2016-08-13 19:28:49.900  INFO 80696 --- [main] s.w.s.m.m.a.RequestMappingHandlerMapping : Mapped "{[/course/{courseId}/users/{userId}],methods=[PUT]}" onto public org.springframework.http.ResponseEntity<com.courseapp.domain.Course> com.courseapp.rest.CourseController.addUserToCourse(java.lang.Long,java.lang.Long) throws java.lang.Exception
2016-08-13 19:28:49.901  INFO 80696 --- [main] s.w.s.m.m.a.RequestMappingHandlerMapping : Mapped "{[/course/{courseId}/users/{userId}],methods=[DELETE]}" onto public org.springframework.http.ResponseEntity<com.courseapp.domain.Course> com.courseapp.rest.CourseController.removeUserFromCourse(java.lang.Long,java.lang.Long) throws java.lang.Exception
2016-08-13 19:28:49.902  INFO 80696 --- [main] s.w.s.m.m.a.RequestMappingHandlerMapping : Mapped "{[/course/{courseId}/topic],methods=[PUT]}" onto public org.springframework.http.ResponseEntity<com.courseapp.domain.Course> com.courseapp.rest.CourseController.addTopicToCourse(java.lang.Long,com.courseapp.domain.Topic) throws java.lang.Exception
2016-08-13 19:28:49.903  INFO 80696 --- [main] s.w.s.m.m.a.RequestMappingHandlerMapping : Mapped "{[/course/{courseId}/topic],methods=[DELETE]}" onto public org.springframework.http.ResponseEntity<com.courseapp.domain.Course> com.courseapp.rest.CourseController.removeTopicFromACourse(java.lang.Long,com.courseapp.domain.Topic) throws java.lang.Exception
2016-08-13 19:28:49.904  INFO 80696 --- [main] s.w.s.m.m.a.RequestMappingHandlerMapping : Mapped "{[/authenticate],methods=[POST]}" onto public org.springframework.http.ResponseEntity<com.courseapp.domain.User> com.courseapp.rest.LoginController.login(com.courseapp.domain.User) throws java.lang.Exception
2016-08-13 19:28:49.917  INFO 80696 --- [main] s.w.s.m.m.a.RequestMappingHandlerMapping : Mapped "{[/user],methods=[PUT]}" onto public org.springframework.http.ResponseEntity<com.courseapp.domain.User> com.courseapp.rest.UserController.update(com.courseapp.domain.User) throws java.lang.Exception
2016-08-13 19:28:49.918  INFO 80696 --- [main] s.w.s.m.m.a.RequestMappingHandlerMapping : Mapped "{[/user/{userId}],methods=[DELETE]}" onto public org.springframework.http.ResponseEntity<org.springframework.http.HttpStatus> com.courseapp.rest.UserController.delete(java.lang.Long) throws java.lang.Exception
2016-08-13 19:28:49.918  INFO 80696 --- [main] s.w.s.m.m.a.RequestMappingHandlerMapping : Mapped "{[/user],methods=[POST]}" onto public org.springframework.http.ResponseEntity<com.courseapp.domain.User> com.courseapp.rest.UserController.create(com.courseapp.domain.User) throws java.lang.Exception
2016-08-13 19:28:49.919  INFO 80696 --- [main] s.w.s.m.m.a.RequestMappingHandlerMapping : Mapped "{[/user/{userName}],methods=[GET]}" onto public org.springframework.http.ResponseEntity<com.courseapp.domain.User> com.courseapp.rest.UserController.getByUserName(java.lang.String) throws java.lang.Exception
2016-08-13 19:28:49.920  INFO 80696 --- [main] s.w.s.m.m.a.RequestMappingHandlerMapping : Mapped "{[/user/{userId}],methods=[GET]}" onto public org.springframework.http.ResponseEntity<com.courseapp.domain.User> com.courseapp.rest.UserController.getByUserName(java.lang.Long) throws java.lang.Exception
2016-08-13 19:28:49.921  INFO 80696 --- [main] s.w.s.m.m.a.RequestMappingHandlerMapping : Mapped "{[/user/courses/{userId}],methods=[GET]}" onto public org.springframework.http.ResponseEntity<java.util.List<com.courseapp.domain.Course>> com.courseapp.rest.UserController.getAllCoursesForaUser(java.lang.Long) throws java.lang.Exception
2016-08-13 19:28:49.922  INFO 80696 --- [main] s.w.s.m.m.a.RequestMappingHandlerMapping : Mapped "{[/user/checkIfExists],methods=[POST]}" onto public org.springframework.http.ResponseEntity<java.lang.Boolean> com.courseapp.rest.UserController.checkIfExists(java.lang.String) throws java.lang.Exception
2016-08-13 19:28:49.926  INFO 80696 --- [main] s.w.s.m.m.a.RequestMappingHandlerMapping : Mapped "{[/error]}" onto public org.springframework.http.ResponseEntity<java.util.Map<java.lang.String, java.lang.Object>> org.springframework.boot.autoconfigure.web.BasicErrorController.error(javax.servlet.http.HttpServletRequest)
2016-08-13 19:28:49.927  INFO 80696 --- [main] s.w.s.m.m.a.RequestMappingHandlerMapping : Mapped "{[/error],produces=[text/html]}" onto public org.springframework.web.servlet.ModelAndView org.springframework.boot.autoconfigure.web.BasicErrorController.errorHtml(javax.servlet.http.HttpServletRequest,javax.servlet.http.HttpServletResponse)
2016-08-13 19:28:50.047  INFO 80696 --- [main] o.s.w.s.handler.SimpleUrlHandlerMapping  : Mapped URL path [/webjars/**] onto handler of type [class org.springframework.web.servlet.resource.ResourceHttpRequestHandler]
2016-08-13 19:28:50.051  INFO 80696 --- [main] o.s.w.s.handler.SimpleUrlHandlerMapping  : Mapped URL path [/**] onto handler of type [class org.springframework.web.servlet.resource.ResourceHttpRequestHandler]
2016-08-13 19:28:50.099  INFO 80696 --- [main] .m.m.a.ExceptionHandlerExceptionResolver : Detected @ExceptionHandler methods in errorHandlingAdvice
2016-08-13 19:28:50.173  INFO 80696 --- [main] o.s.w.s.handler.SimpleUrlHandlerMapping  : Mapped URL path [/**/favicon.ico] onto handler of type [class org.springframework.web.servlet.resource.ResourceHttpRequestHandler]
2016-08-13 19:28:51.046  INFO 80696 --- [main] o.s.j.e.a.AnnotationMBeanExporter        : Registering beans for JMX exposure on startup
2016-08-13 19:28:51.248  INFO 80696 --- [main] s.b.c.e.t.TomcatEmbeddedServletContainer : Tomcat started on port(s): 8080 (http)
2016-08-13 19:28:51.265  INFO 80696 --- [main] c.c.config.PracticeAppApplication        : Started PracticeAppApplication in 16.516 seconds (JVM running for 19.178)
2016-08-13 19:29:17.549  INFO 80696 --- [http-nio-8080-exec-1] o.a.c.c.C.[Tomcat].[localhost].[/]       : Initializing Spring FrameworkServlet 'dispatcherServlet'
2016-08-13 19:29:17.554  INFO 80696 --- [http-nio-8080-exec-1] o.s.web.servlet.DispatcherServlet        : FrameworkServlet 'dispatcherServlet': initialization started
2016-08-13 19:29:17.608  INFO 80696 --- [http-nio-8080-exec-1] o.s.web.servlet.DispatcherServlet        : FrameworkServlet 'dispatcherServlet': initialization completed in 53 ms
2016-08-13 19:36:30.847  INFO 80754 --- [main] c.c.config.PracticeAppApplication        : Starting PracticeAppApplication on Appis-Air.fios-router.home with PID 80754 (/Users/appi_usa/Desktop/charanws/practiceApp/target/classes started by appi_usa in /Users/appi_usa/Desktop/charanws/practiceApp)
2016-08-13 19:36:30.902  INFO 80754 --- [main] c.c.config.PracticeAppApplication        : No active profile set, falling back to default profiles: default
2016-08-13 19:36:31.160  INFO 80754 --- [main] ationConfigEmbeddedWebApplicationContext : Refreshing org.springframework.boot.context.embedded.AnnotationConfigEmbeddedWebApplicationContext@736d6a5c: startup date [Sat Aug 13 19:36:31 CDT 2016]; root of context hierarchy
2016-08-13 19:36:36.970  INFO 80754 --- [main] trationDelegate$BeanPostProcessorChecker : Bean 'org.springframework.transaction.annotation.ProxyTransactionManagementConfiguration' of type [class org.springframework.transaction.annotation.ProxyTransactionManagementConfiguration$$EnhancerBySpringCGLIB$$731c2f] is not eligible for getting processed by all BeanPostProcessors (for example: not eligible for auto-proxying)
2016-08-13 19:36:39.524  INFO 80754 --- [main] s.b.c.e.t.TomcatEmbeddedServletContainer : Tomcat initialized with port(s): 8080 (http)
2016-08-13 19:36:39.570  INFO 80754 --- [main] o.apache.catalina.core.StandardService   : Starting service Tomcat
2016-08-13 19:36:39.573  INFO 80754 --- [main] org.apache.catalina.core.StandardEngine  : Starting Servlet Engine: Apache Tomcat/8.5.4
2016-08-13 19:36:39.967  INFO 80754 --- [localhost-startStop-1] o.a.c.c.C.[Tomcat].[localhost].[/]       : Initializing Spring embedded WebApplicationContext
2016-08-13 19:36:39.967  INFO 80754 --- [localhost-startStop-1] o.s.web.context.ContextLoader            : Root WebApplicationContext: initialization completed in 8807 ms
2016-08-13 19:36:40.774  INFO 80754 --- [localhost-startStop-1] o.s.b.w.servlet.ServletRegistrationBean  : Mapping servlet: 'dispatcherServlet' to [/]
2016-08-13 19:36:40.789  INFO 80754 --- [localhost-startStop-1] o.s.b.w.servlet.FilterRegistrationBean   : Mapping filter: 'characterEncodingFilter' to: [/*]
2016-08-13 19:36:40.809  INFO 80754 --- [localhost-startStop-1] o.s.b.w.servlet.FilterRegistrationBean   : Mapping filter: 'hiddenHttpMethodFilter' to: [/*]
2016-08-13 19:36:40.820  INFO 80754 --- [localhost-startStop-1] o.s.b.w.servlet.FilterRegistrationBean   : Mapping filter: 'httpPutFormContentFilter' to: [/*]
2016-08-13 19:36:40.822  INFO 80754 --- [localhost-startStop-1] o.s.b.w.servlet.FilterRegistrationBean   : Mapping filter: 'requestContextFilter' to: [/*]
2016-08-13 19:36:41.749  INFO 80754 --- [main] j.LocalContainerEntityManagerFactoryBean : Building JPA container EntityManagerFactory for persistence unit 'default'
2016-08-13 19:36:41.862  INFO 80754 --- [main] o.hibernate.jpa.internal.util.LogHelper  : HHH000204: Processing PersistenceUnitInfo [
	name: default
	...]
2016-08-13 19:36:42.181  INFO 80754 --- [main] org.hibernate.Version                    : HHH000412: Hibernate Core {5.0.9.Final}
2016-08-13 19:36:42.185  INFO 80754 --- [main] org.hibernate.cfg.Environment            : HHH000206: hibernate.properties not found
2016-08-13 19:36:42.191  INFO 80754 --- [main] org.hibernate.cfg.Environment            : HHH000021: Bytecode provider name : javassist
2016-08-13 19:36:42.329  INFO 80754 --- [main] o.hibernate.annotations.common.Version   : HCANN000001: Hibernate Commons Annotations {5.0.1.Final}
2016-08-13 19:36:43.920  INFO 80754 --- [main] org.hibernate.dialect.Dialect            : HHH000400: Using dialect: org.hibernate.dialect.MySQL5Dialect
2016-08-13 19:36:45.467  INFO 80754 --- [main] org.hibernate.tool.hbm2ddl.SchemaUpdate  : HHH000228: Running hbm2ddl schema update
2016-08-13 19:36:49.617  INFO 80754 --- [main] j.LocalContainerEntityManagerFactoryBean : Initialized JPA EntityManagerFactory for persistence unit 'default'
2016-08-13 19:36:50.698  INFO 80754 --- [main] o.h.h.i.QueryTranslatorFactoryInitiator  : HHH000397: Using ASTQueryTranslatorFactory
2016-08-13 19:36:52.781  INFO 80754 --- [main] s.w.s.m.m.a.RequestMappingHandlerAdapter : Looking for @ControllerAdvice: org.springframework.boot.context.embedded.AnnotationConfigEmbeddedWebApplicationContext@736d6a5c: startup date [Sat Aug 13 19:36:31 CDT 2016]; root of context hierarchy
2016-08-13 19:36:53.148  INFO 80754 --- [main] s.w.s.m.m.a.RequestMappingHandlerMapping : Mapped "{[/course/{courseId}],methods=[GET]}" onto public org.springframework.http.ResponseEntity<com.courseapp.domain.Course> com.courseapp.rest.CourseController.update(java.lang.Long) throws java.lang.Exception
2016-08-13 19:36:53.151  INFO 80754 --- [main] s.w.s.m.m.a.RequestMappingHandlerMapping : Mapped "{[/course],methods=[PUT]}" onto public org.springframework.http.ResponseEntity<com.courseapp.domain.Course> com.courseapp.rest.CourseController.update(com.courseapp.domain.Course) throws java.lang.Exception
2016-08-13 19:36:53.152  INFO 80754 --- [main] s.w.s.m.m.a.RequestMappingHandlerMapping : Mapped "{[/course/{courseId}],methods=[DELETE]}" onto public org.springframework.http.ResponseEntity<org.springframework.http.HttpStatus> com.courseapp.rest.CourseController.delete(java.lang.Long) throws java.lang.Exception
2016-08-13 19:36:53.154  INFO 80754 --- [main] s.w.s.m.m.a.RequestMappingHandlerMapping : Mapped "{[/course],methods=[POST]}" onto public org.springframework.http.ResponseEntity<com.courseapp.domain.Course> com.courseapp.rest.CourseController.create(com.courseapp.domain.Course) throws java.lang.Exception
2016-08-13 19:36:53.155  INFO 80754 --- [main] s.w.s.m.m.a.RequestMappingHandlerMapping : Mapped "{[/course/{courseId}/users/{userId}],methods=[PUT]}" onto public org.springframework.http.ResponseEntity<com.courseapp.domain.Course> com.courseapp.rest.CourseController.addUserToCourse(java.lang.Long,java.lang.Long) throws java.lang.Exception
2016-08-13 19:36:53.156  INFO 80754 --- [main] s.w.s.m.m.a.RequestMappingHandlerMapping : Mapped "{[/course/{courseId}/users/{userId}],methods=[DELETE]}" onto public org.springframework.http.ResponseEntity<com.courseapp.domain.Course> com.courseapp.rest.CourseController.removeUserFromCourse(java.lang.Long,java.lang.Long) throws java.lang.Exception
2016-08-13 19:36:53.157  INFO 80754 --- [main] s.w.s.m.m.a.RequestMappingHandlerMapping : Mapped "{[/course/{courseId}/topic],methods=[PUT]}" onto public org.springframework.http.ResponseEntity<com.courseapp.domain.Course> com.courseapp.rest.CourseController.addTopicToCourse(java.lang.Long,com.courseapp.domain.Topic) throws java.lang.Exception
2016-08-13 19:36:53.158  INFO 80754 --- [main] s.w.s.m.m.a.RequestMappingHandlerMapping : Mapped "{[/course/{courseId}/topic],methods=[DELETE]}" onto public org.springframework.http.ResponseEntity<com.courseapp.domain.Course> com.courseapp.rest.CourseController.removeTopicFromACourse(java.lang.Long,com.courseapp.domain.Topic) throws java.lang.Exception
2016-08-13 19:36:53.161  INFO 80754 --- [main] s.w.s.m.m.a.RequestMappingHandlerMapping : Mapped "{[/authenticate],methods=[POST]}" onto public org.springframework.http.ResponseEntity<com.courseapp.domain.User> com.courseapp.rest.LoginController.login(com.courseapp.domain.User) throws java.lang.Exception
2016-08-13 19:36:53.225  INFO 80754 --- [main] s.w.s.m.m.a.RequestMappingHandlerMapping : Mapped "{[/user],methods=[PUT]}" onto public org.springframework.http.ResponseEntity<com.courseapp.domain.User> com.courseapp.rest.UserController.update(com.courseapp.domain.User) throws java.lang.Exception
2016-08-13 19:36:53.229  INFO 80754 --- [main] s.w.s.m.m.a.RequestMappingHandlerMapping : Mapped "{[/user/{userId}],methods=[DELETE]}" onto public org.springframework.http.ResponseEntity<org.springframework.http.HttpStatus> com.courseapp.rest.UserController.delete(java.lang.Long) throws java.lang.Exception
2016-08-13 19:36:53.233  INFO 80754 --- [main] s.w.s.m.m.a.RequestMappingHandlerMapping : Mapped "{[/user],methods=[POST]}" onto public org.springframework.http.ResponseEntity<com.courseapp.domain.User> com.courseapp.rest.UserController.create(com.courseapp.domain.User) throws java.lang.Exception
2016-08-13 19:36:53.236  INFO 80754 --- [main] s.w.s.m.m.a.RequestMappingHandlerMapping : Mapped "{[/user/{userName}],methods=[GET]}" onto public org.springframework.http.ResponseEntity<com.courseapp.domain.User> com.courseapp.rest.UserController.getByUserName(java.lang.String) throws java.lang.Exception
2016-08-13 19:36:53.238  INFO 80754 --- [main] s.w.s.m.m.a.RequestMappingHandlerMapping : Mapped "{[/user/{userId}],methods=[GET]}" onto public org.springframework.http.ResponseEntity<com.courseapp.domain.User> com.courseapp.rest.UserController.getByUserName(java.lang.Long) throws java.lang.Exception
2016-08-13 19:36:53.240  INFO 80754 --- [main] s.w.s.m.m.a.RequestMappingHandlerMapping : Mapped "{[/user/courses/{userId}],methods=[GET]}" onto public org.springframework.http.ResponseEntity<java.util.List<com.courseapp.domain.Course>> com.courseapp.rest.UserController.getAllCoursesForaUser(java.lang.Long) throws java.lang.Exception
2016-08-13 19:36:53.242  INFO 80754 --- [main] s.w.s.m.m.a.RequestMappingHandlerMapping : Mapped "{[/user/checkIfExists],methods=[POST]}" onto public org.springframework.http.ResponseEntity<java.lang.Boolean> com.courseapp.rest.UserController.checkIfExists(java.lang.String) throws java.lang.Exception
2016-08-13 19:36:53.251  INFO 80754 --- [main] s.w.s.m.m.a.RequestMappingHandlerMapping : Mapped "{[/error]}" onto public org.springframework.http.ResponseEntity<java.util.Map<java.lang.String, java.lang.Object>> org.springframework.boot.autoconfigure.web.BasicErrorController.error(javax.servlet.http.HttpServletRequest)
2016-08-13 19:36:53.253  INFO 80754 --- [main] s.w.s.m.m.a.RequestMappingHandlerMapping : Mapped "{[/error],produces=[text/html]}" onto public org.springframework.web.servlet.ModelAndView org.springframework.boot.autoconfigure.web.BasicErrorController.errorHtml(javax.servlet.http.HttpServletRequest,javax.servlet.http.HttpServletResponse)
2016-08-13 19:36:53.511  INFO 80754 --- [main] o.s.w.s.handler.SimpleUrlHandlerMapping  : Mapped URL path [/webjars/**] onto handler of type [class org.springframework.web.servlet.resource.ResourceHttpRequestHandler]
2016-08-13 19:36:53.528  INFO 80754 --- [main] o.s.w.s.handler.SimpleUrlHandlerMapping  : Mapped URL path [/**] onto handler of type [class org.springframework.web.servlet.resource.ResourceHttpRequestHandler]
2016-08-13 19:36:53.625  INFO 80754 --- [main] .m.m.a.ExceptionHandlerExceptionResolver : Detected @ExceptionHandler methods in errorHandlingAdvice
2016-08-13 19:36:53.882  INFO 80754 --- [main] o.s.w.s.handler.SimpleUrlHandlerMapping  : Mapped URL path [/**/favicon.ico] onto handler of type [class org.springframework.web.servlet.resource.ResourceHttpRequestHandler]
2016-08-13 19:36:55.625  INFO 80754 --- [main] o.s.j.e.a.AnnotationMBeanExporter        : Registering beans for JMX exposure on startup
2016-08-13 19:36:55.887  INFO 80754 --- [main] s.b.c.e.t.TomcatEmbeddedServletContainer : Tomcat started on port(s): 8080 (http)
2016-08-13 19:36:55.915  INFO 80754 --- [main] c.c.config.PracticeAppApplication        : Started PracticeAppApplication in 26.267 seconds (JVM running for 27.399)
2016-08-13 19:37:24.874  INFO 80754 --- [http-nio-8080-exec-1] o.a.c.c.C.[Tomcat].[localhost].[/]       : Initializing Spring FrameworkServlet 'dispatcherServlet'
2016-08-13 19:37:24.878  INFO 80754 --- [http-nio-8080-exec-1] o.s.web.servlet.DispatcherServlet        : FrameworkServlet 'dispatcherServlet': initialization started
2016-08-13 19:37:24.966  INFO 80754 --- [http-nio-8080-exec-1] o.s.web.servlet.DispatcherServlet        : FrameworkServlet 'dispatcherServlet': initialization completed in 88 ms
2016-08-13 21:11:07.734  INFO 81473 --- [main] c.c.config.PracticeAppApplication        : Starting PracticeAppApplication on Appis-Air.fios-router.home with PID 81473 (/Users/appi_usa/Desktop/charanws/practiceApp/target/classes started by appi_usa in /Users/appi_usa/Desktop/charanws/practiceApp)
2016-08-13 21:11:07.744  INFO 81473 --- [main] c.c.config.PracticeAppApplication        : No active profile set, falling back to default profiles: default
2016-08-13 21:11:07.929  INFO 81473 --- [main] ationConfigEmbeddedWebApplicationContext : Refreshing org.springframework.boot.context.embedded.AnnotationConfigEmbeddedWebApplicationContext@736d6a5c: startup date [Sat Aug 13 21:11:07 CDT 2016]; root of context hierarchy
2016-08-13 21:11:11.582  INFO 81473 --- [main] trationDelegate$BeanPostProcessorChecker : Bean 'org.springframework.transaction.annotation.ProxyTransactionManagementConfiguration' of type [class org.springframework.transaction.annotation.ProxyTransactionManagementConfiguration$$EnhancerBySpringCGLIB$$fd3a7545] is not eligible for getting processed by all BeanPostProcessors (for example: not eligible for auto-proxying)
2016-08-13 21:11:12.945  INFO 81473 --- [main] s.b.c.e.t.TomcatEmbeddedServletContainer : Tomcat initialized with port(s): 8080 (http)
2016-08-13 21:11:12.986  INFO 81473 --- [main] o.apache.catalina.core.StandardService   : Starting service Tomcat
2016-08-13 21:11:12.990  INFO 81473 --- [main] org.apache.catalina.core.StandardEngine  : Starting Servlet Engine: Apache Tomcat/8.5.4
2016-08-13 21:11:13.323  INFO 81473 --- [localhost-startStop-1] o.a.c.c.C.[Tomcat].[localhost].[/]       : Initializing Spring embedded WebApplicationContext
2016-08-13 21:11:13.325  INFO 81473 --- [localhost-startStop-1] o.s.web.context.ContextLoader            : Root WebApplicationContext: initialization completed in 5396 ms
2016-08-13 21:11:13.714  INFO 81473 --- [localhost-startStop-1] o.s.b.w.servlet.ServletRegistrationBean  : Mapping servlet: 'dispatcherServlet' to [/]
2016-08-13 21:11:13.724  INFO 81473 --- [localhost-startStop-1] o.s.b.w.servlet.FilterRegistrationBean   : Mapping filter: 'characterEncodingFilter' to: [/*]
2016-08-13 21:11:13.725  INFO 81473 --- [localhost-startStop-1] o.s.b.w.servlet.FilterRegistrationBean   : Mapping filter: 'hiddenHttpMethodFilter' to: [/*]
2016-08-13 21:11:13.726  INFO 81473 --- [localhost-startStop-1] o.s.b.w.servlet.FilterRegistrationBean   : Mapping filter: 'httpPutFormContentFilter' to: [/*]
2016-08-13 21:11:13.726  INFO 81473 --- [localhost-startStop-1] o.s.b.w.servlet.FilterRegistrationBean   : Mapping filter: 'requestContextFilter' to: [/*]
2016-08-13 21:11:14.386  INFO 81473 --- [main] j.LocalContainerEntityManagerFactoryBean : Building JPA container EntityManagerFactory for persistence unit 'default'
2016-08-13 21:11:14.419  INFO 81473 --- [main] o.hibernate.jpa.internal.util.LogHelper  : HHH000204: Processing PersistenceUnitInfo [
	name: default
	...]
2016-08-13 21:11:14.682  INFO 81473 --- [main] org.hibernate.Version                    : HHH000412: Hibernate Core {5.0.9.Final}
2016-08-13 21:11:14.717  INFO 81473 --- [main] org.hibernate.cfg.Environment            : HHH000206: hibernate.properties not found
2016-08-13 21:11:14.721  INFO 81473 --- [main] org.hibernate.cfg.Environment            : HHH000021: Bytecode provider name : javassist
2016-08-13 21:11:14.837  INFO 81473 --- [main] o.hibernate.annotations.common.Version   : HCANN000001: Hibernate Commons Annotations {5.0.1.Final}
2016-08-13 21:11:15.929  INFO 81473 --- [main] org.hibernate.dialect.Dialect            : HHH000400: Using dialect: org.hibernate.dialect.MySQL5Dialect
2016-08-13 21:11:17.053  INFO 81473 --- [main] org.hibernate.tool.hbm2ddl.SchemaUpdate  : HHH000228: Running hbm2ddl schema update
2016-08-13 21:11:18.398  INFO 81473 --- [main] j.LocalContainerEntityManagerFactoryBean : Initialized JPA EntityManagerFactory for persistence unit 'default'
2016-08-13 21:11:19.125  INFO 81473 --- [main] o.h.h.i.QueryTranslatorFactoryInitiator  : HHH000397: Using ASTQueryTranslatorFactory
2016-08-13 21:11:20.708  INFO 81473 --- [main] s.w.s.m.m.a.RequestMappingHandlerAdapter : Looking for @ControllerAdvice: org.springframework.boot.context.embedded.AnnotationConfigEmbeddedWebApplicationContext@736d6a5c: startup date [Sat Aug 13 21:11:07 CDT 2016]; root of context hierarchy
2016-08-13 21:11:21.049  INFO 81473 --- [main] s.w.s.m.m.a.RequestMappingHandlerMapping : Mapped "{[/course/{courseId}],methods=[GET]}" onto public org.springframework.http.ResponseEntity<com.courseapp.domain.Course> com.courseapp.rest.CourseController.update(java.lang.Long) throws java.lang.Exception
2016-08-13 21:11:21.052  INFO 81473 --- [main] s.w.s.m.m.a.RequestMappingHandlerMapping : Mapped "{[/course],methods=[PUT]}" onto public org.springframework.http.ResponseEntity<com.courseapp.domain.Course> com.courseapp.rest.CourseController.update(com.courseapp.domain.Course) throws java.lang.Exception
2016-08-13 21:11:21.053  INFO 81473 --- [main] s.w.s.m.m.a.RequestMappingHandlerMapping : Mapped "{[/course/{courseId}],methods=[DELETE]}" onto public org.springframework.http.ResponseEntity<org.springframework.http.HttpStatus> com.courseapp.rest.CourseController.delete(java.lang.Long) throws java.lang.Exception
2016-08-13 21:11:21.054  INFO 81473 --- [main] s.w.s.m.m.a.RequestMappingHandlerMapping : Mapped "{[/course],methods=[POST]}" onto public org.springframework.http.ResponseEntity<com.courseapp.domain.Course> com.courseapp.rest.CourseController.create(com.courseapp.domain.Course) throws java.lang.Exception
2016-08-13 21:11:21.055  INFO 81473 --- [main] s.w.s.m.m.a.RequestMappingHandlerMapping : Mapped "{[/course/{courseId}/users/{userId}],methods=[PUT]}" onto public org.springframework.http.ResponseEntity<com.courseapp.domain.Course> com.courseapp.rest.CourseController.addUserToCourse(java.lang.Long,java.lang.Long) throws java.lang.Exception
2016-08-13 21:11:21.056  INFO 81473 --- [main] s.w.s.m.m.a.RequestMappingHandlerMapping : Mapped "{[/course/{courseId}/users/{userId}],methods=[DELETE]}" onto public org.springframework.http.ResponseEntity<com.courseapp.domain.Course> com.courseapp.rest.CourseController.removeUserFromCourse(java.lang.Long,java.lang.Long) throws java.lang.Exception
2016-08-13 21:11:21.057  INFO 81473 --- [main] s.w.s.m.m.a.RequestMappingHandlerMapping : Mapped "{[/course/{courseId}/topic],methods=[PUT]}" onto public org.springframework.http.ResponseEntity<com.courseapp.domain.Course> com.courseapp.rest.CourseController.addTopicToCourse(java.lang.Long,com.courseapp.domain.Topic) throws java.lang.Exception
2016-08-13 21:11:21.058  INFO 81473 --- [main] s.w.s.m.m.a.RequestMappingHandlerMapping : Mapped "{[/course/{courseId}/topic],methods=[DELETE]}" onto public org.springframework.http.ResponseEntity<com.courseapp.domain.Course> com.courseapp.rest.CourseController.removeTopicFromACourse(java.lang.Long,com.courseapp.domain.Topic) throws java.lang.Exception
2016-08-13 21:11:21.060  INFO 81473 --- [main] s.w.s.m.m.a.RequestMappingHandlerMapping : Mapped "{[/authenticate],methods=[POST]}" onto public org.springframework.http.ResponseEntity<com.courseapp.domain.User> com.courseapp.rest.LoginController.login(com.courseapp.domain.User) throws java.lang.Exception
2016-08-13 21:11:21.073  INFO 81473 --- [main] s.w.s.m.m.a.RequestMappingHandlerMapping : Mapped "{[/user],methods=[PUT]}" onto public org.springframework.http.ResponseEntity<com.courseapp.domain.User> com.courseapp.rest.UserController.update(com.courseapp.domain.User) throws java.lang.Exception
2016-08-13 21:11:21.074  INFO 81473 --- [main] s.w.s.m.m.a.RequestMappingHandlerMapping : Mapped "{[/user/{userId}],methods=[DELETE]}" onto public org.springframework.http.ResponseEntity<org.springframework.http.HttpStatus> com.courseapp.rest.UserController.delete(java.lang.Long) throws java.lang.Exception
2016-08-13 21:11:21.075  INFO 81473 --- [main] s.w.s.m.m.a.RequestMappingHandlerMapping : Mapped "{[/user],methods=[POST]}" onto public org.springframework.http.ResponseEntity<com.courseapp.domain.User> com.courseapp.rest.UserController.create(com.courseapp.domain.User) throws java.lang.Exception
2016-08-13 21:11:21.077  INFO 81473 --- [main] s.w.s.m.m.a.RequestMappingHandlerMapping : Mapped "{[/user/{userName}],methods=[GET]}" onto public org.springframework.http.ResponseEntity<com.courseapp.domain.User> com.courseapp.rest.UserController.getByUserName(java.lang.String) throws java.lang.Exception
2016-08-13 21:11:21.078  INFO 81473 --- [main] s.w.s.m.m.a.RequestMappingHandlerMapping : Mapped "{[/user/{userId}],methods=[GET]}" onto public org.springframework.http.ResponseEntity<com.courseapp.domain.User> com.courseapp.rest.UserController.getByUserName(java.lang.Long) throws java.lang.Exception
2016-08-13 21:11:21.079  INFO 81473 --- [main] s.w.s.m.m.a.RequestMappingHandlerMapping : Mapped "{[/user/courses/{userId}],methods=[GET]}" onto public org.springframework.http.ResponseEntity<java.util.List<com.courseapp.domain.Course>> com.courseapp.rest.UserController.getAllCoursesForaUser(java.lang.Long) throws java.lang.Exception
2016-08-13 21:11:21.081  INFO 81473 --- [main] s.w.s.m.m.a.RequestMappingHandlerMapping : Mapped "{[/user/checkIfExists],methods=[POST]}" onto public org.springframework.http.ResponseEntity<java.lang.Boolean> com.courseapp.rest.UserController.checkIfExists(java.lang.String) throws java.lang.Exception
2016-08-13 21:11:21.086  INFO 81473 --- [main] s.w.s.m.m.a.RequestMappingHandlerMapping : Mapped "{[/error]}" onto public org.springframework.http.ResponseEntity<java.util.Map<java.lang.String, java.lang.Object>> org.springframework.boot.autoconfigure.web.BasicErrorController.error(javax.servlet.http.HttpServletRequest)
2016-08-13 21:11:21.087  INFO 81473 --- [main] s.w.s.m.m.a.RequestMappingHandlerMapping : Mapped "{[/error],produces=[text/html]}" onto public org.springframework.web.servlet.ModelAndView org.springframework.boot.autoconfigure.web.BasicErrorController.errorHtml(javax.servlet.http.HttpServletRequest,javax.servlet.http.HttpServletResponse)
2016-08-13 21:11:21.233  INFO 81473 --- [main] o.s.w.s.handler.SimpleUrlHandlerMapping  : Mapped URL path [/webjars/**] onto handler of type [class org.springframework.web.servlet.resource.ResourceHttpRequestHandler]
2016-08-13 21:11:21.233  INFO 81473 --- [main] o.s.w.s.handler.SimpleUrlHandlerMapping  : Mapped URL path [/**] onto handler of type [class org.springframework.web.servlet.resource.ResourceHttpRequestHandler]
2016-08-13 21:11:21.305  INFO 81473 --- [main] .m.m.a.ExceptionHandlerExceptionResolver : Detected @ExceptionHandler methods in errorHandlingAdvice
2016-08-13 21:11:21.435  INFO 81473 --- [main] o.s.w.s.handler.SimpleUrlHandlerMapping  : Mapped URL path [/**/favicon.ico] onto handler of type [class org.springframework.web.servlet.resource.ResourceHttpRequestHandler]
2016-08-13 21:11:22.627  INFO 81473 --- [main] o.s.j.e.a.AnnotationMBeanExporter        : Registering beans for JMX exposure on startup
2016-08-13 21:11:22.883  INFO 81473 --- [main] s.b.c.e.t.TomcatEmbeddedServletContainer : Tomcat started on port(s): 8080 (http)
2016-08-13 21:11:22.898  INFO 81473 --- [main] c.c.config.PracticeAppApplication        : Started PracticeAppApplication in 16.491 seconds (JVM running for 18.358)
2016-08-13 21:19:59.147  INFO 81473 --- [http-nio-8080-exec-6] o.a.c.c.C.[Tomcat].[localhost].[/]       : Initializing Spring FrameworkServlet 'dispatcherServlet'
2016-08-13 21:19:59.159  INFO 81473 --- [http-nio-8080-exec-6] o.s.web.servlet.DispatcherServlet        : FrameworkServlet 'dispatcherServlet': initialization started
2016-08-13 21:19:59.259  INFO 81473 --- [http-nio-8080-exec-6] o.s.web.servlet.DispatcherServlet        : FrameworkServlet 'dispatcherServlet': initialization completed in 99 ms
